TN:
SF:src/app/navigation/AppNavigator.tsx
FN:25,(anonymous_0)
FN:31,(anonymous_1)
FN:34,(anonymous_2)
FN:40,(anonymous_3)
FN:45,(anonymous_4)
FN:47,(anonymous_5)
FN:57,(anonymous_6)
FN:75,(anonymous_7)
FN:87,(anonymous_8)
FN:102,(anonymous_9)
FN:115,(anonymous_10)
FN:129,(anonymous_11)
FNF:12
FNH:0
FNDA:0,(anonymous_0)
FNDA:0,(anonymous_1)
FNDA:0,(anonymous_2)
FNDA:0,(anonymous_3)
FNDA:0,(anonymous_4)
FNDA:0,(anonymous_5)
FNDA:0,(anonymous_6)
FNDA:0,(anonymous_7)
FNDA:0,(anonymous_8)
FNDA:0,(anonymous_9)
FNDA:0,(anonymous_10)
FNDA:0,(anonymous_11)
DA:23,0
DA:25,0
DA:26,0
DA:27,0
DA:28,0
DA:31,0
DA:32,0
DA:34,0
DA:35,0
DA:40,0
DA:41,0
DA:45,0
DA:46,0
DA:47,0
DA:48,0
DA:49,0
DA:57,0
DA:58,0
DA:60,0
DA:63,0
DA:65,0
DA:67,0
DA:68,0
DA:75,0
DA:76,0
DA:77,0
DA:78,0
DA:79,0
DA:81,0
DA:83,0
DA:87,0
DA:89,0
DA:91,0
DA:96,0
DA:102,0
DA:104,0
DA:105,0
DA:106,0
DA:115,0
DA:116,0
DA:117,0
DA:120,0
DA:122,0
DA:123,0
DA:126,0
DA:129,0
DA:130,0
DA:131,0
DA:134,0
DA:135,0
DA:139,0
DA:140,0
DA:141,0
DA:142,0
DA:143,0
DA:144,0
DA:146,0
DA:150,0
LF:58
LH:0
BRDA:46,0,0,0
BRDA:46,0,1,0
BRDA:46,1,0,0
BRDA:46,1,1,0
BRDA:89,2,0,0
BRDA:89,2,1,0
BRDA:105,3,0,0
BRDA:105,3,1,0
BRDA:116,4,0,0
BRDA:116,4,1,0
BRDA:116,5,0,0
BRDA:116,5,1,0
BRDA:122,6,0,0
BRDA:122,6,1,0
BRDA:130,7,0,0
BRDA:130,7,1,0
BRDA:134,8,0,0
BRDA:134,8,1,0
BRDA:139,9,0,0
BRDA:139,9,1,0
BRDA:141,10,0,0
BRDA:141,10,1,0
BRDA:143,11,0,0
BRDA:143,11,1,0
BRDA:161,12,0,0
BRDA:161,12,1,0
BRDA:164,13,0,0
BRDA:164,13,1,0
BRDA:170,14,0,0
BRDA:170,14,1,0
BRDA:173,15,0,0
BRDA:173,15,1,0
BRDA:176,16,0,0
BRDA:176,16,1,0
BRF:34
BRH:0
end_of_record
TN:
SF:src/app/navigation/AppTabs.tsx
FN:19,(anonymous_0)
FN:25,(anonymous_1)
FN:29,(anonymous_2)
FN:45,(anonymous_3)
FN:52,(anonymous_4)
FN:70,(anonymous_5)
FN:81,(anonymous_6)
FN:93,(anonymous_7)
FN:104,(anonymous_8)
FN:115,(anonymous_9)
FNF:10
FNH:0
FNDA:0,(anonymous_0)
FNDA:0,(anonymous_1)
FNDA:0,(anonymous_2)
FNDA:0,(anonymous_3)
FNDA:0,(anonymous_4)
FNDA:0,(anonymous_5)
FNDA:0,(anonymous_6)
FNDA:0,(anonymous_7)
FNDA:0,(anonymous_8)
FNDA:0,(anonymous_9)
DA:17,0
DA:19,0
DA:20,0
DA:26,0
DA:30,0
DA:36,0
DA:37,0
DA:39,0
DA:46,0
DA:47,0
DA:48,0
DA:50,0
DA:53,0
DA:55,0
DA:60,0
DA:71,0
DA:82,0
DA:94,0
DA:105,0
DA:116,0
LF:20
LH:0
BRDA:36,0,0,0
BRDA:36,0,1,0
BRDA:47,1,0,0
BRDA:47,1,1,0
BRDA:55,2,0,0
BRDA:55,2,1,0
BRDA:57,3,0,0
BRDA:57,3,1,0
BRF:8
BRH:0
end_of_record
TN:
SF:src/app/navigation/AuthStack.tsx
FN:14,(anonymous_0)
FN:17,(anonymous_1)
FN:21,(anonymous_2)
FN:29,(anonymous_3)
FN:35,(anonymous_4)
FNF:5
FNH:0
FNDA:0,(anonymous_0)
FNDA:0,(anonymous_1)
FNDA:0,(anonymous_2)
FNDA:0,(anonymous_3)
FNDA:0,(anonymous_4)
DA:12,0
DA:14,0
DA:15,0
DA:17,0
DA:18,0
DA:21,0
DA:25,0
DA:30,0
DA:36,0
LF:9
LH:0
BRDA:27,0,0,0
BRDA:27,0,1,0
BRDA:33,1,0,0
BRDA:33,1,1,0
BRF:4
BRH:0
end_of_record
TN:
SF:src/components/index.ts
FNF:0
FNH:0
LF:0
LH:0
BRF:0
BRH:0
end_of_record
TN:
SF:src/components/accessibility/AccessibilityWrapper.tsx
FN:52,(anonymous_0)
FN:58,(anonymous_1)
FN:63,(anonymous_2)
FN:76,(anonymous_3)
FN:88,(anonymous_4)
FN:98,(anonymous_5)
FN:131,(anonymous_6)
FN:152,(anonymous_7)
FN:208,(anonymous_8)
FN:238,(anonymous_9)
FN:239,(anonymous_10)
FN:248,(anonymous_11)
FN:261,(anonymous_12)
FN:294,(anonymous_13)
FN:300,(anonymous_14)
FN:319,(anonymous_15)
FN:328,(anonymous_16)
FN:340,(anonymous_17)
FN:349,(anonymous_18)
FNF:19
FNH:0
FNDA:0,(anonymous_0)
FNDA:0,(anonymous_1)
FNDA:0,(anonymous_2)
FNDA:0,(anonymous_3)
FNDA:0,(anonymous_4)
FNDA:0,(anonymous_5)
FNDA:0,(anonymous_6)
FNDA:0,(anonymous_7)
FNDA:0,(anonymous_8)
FNDA:0,(anonymous_9)
FNDA:0,(anonymous_10)
FNDA:0,(anonymous_11)
FNDA:0,(anonymous_12)
FNDA:0,(anonymous_13)
FNDA:0,(anonymous_14)
FNDA:0,(anonymous_15)
FNDA:0,(anonymous_16)
FNDA:0,(anonymous_17)
FNDA:0,(anonymous_18)
DA:38,0
DA:42,0
DA:44,0
DA:52,0
DA:56,0
DA:58,0
DA:59,0
DA:60,0
DA:63,0
DA:64,0
DA:65,0
DA:68,0
DA:69,0
DA:72,0
DA:76,0
DA:77,0
DA:80,0
DA:83,0
DA:84,0
DA:85,0
DA:88,0
DA:94,0
DA:98,0
DA:101,0
DA:102,0
DA:104,0
DA:105,0
DA:110,0
DA:114,0
DA:124,0
DA:131,0
DA:132,0
DA:133,0
DA:134,0
DA:138,0
DA:152,0
DA:161,0
DA:163,0
DA:169,0
DA:208,0
DA:216,0
DA:218,0
DA:224,0
DA:238,0
DA:239,0
DA:240,0
DA:241,0
DA:244,0
DA:248,0
DA:249,0
DA:250,0
DA:254,0
DA:261,0
DA:272,0
DA:275,0
DA:276,0
DA:277,0
DA:278,0
DA:279,0
DA:280,0
DA:281,0
DA:284,0
DA:294,0
DA:300,0
DA:302,0
DA:303,0
DA:304,0
DA:305,0
DA:307,0
DA:310,0
DA:311,0
DA:313,0
DA:314,0
DA:316,0
DA:319,0
DA:324,0
DA:325,0
DA:328,0
DA:333,0
DA:334,0
DA:338,0
DA:340,0
DA:341,0
DA:349,0
DA:350,0
DA:351,0
DA:354,0
DA:355,0
DA:356,0
DA:358,0
DA:359,0
DA:362,0
DA:366,0
DA:370,0
LF:94
LH:0
BRDA:68,0,0,0
BRDA:68,0,1,0
BRDA:84,1,0,0
BRDA:84,1,1,0
BRDA:133,2,0,0
BRDA:133,2,1,0
BRDA:158,3,0,0
BRDA:165,4,0,0
BRDA:165,4,1,0
BRDA:166,5,0,0
BRDA:166,5,1,0
BRDA:166,5,2,0
BRDA:210,6,0,0
BRDA:220,7,0,0
BRDA:220,7,1,0
BRDA:221,8,0,0
BRDA:221,8,1,0
BRDA:240,9,0,0
BRDA:240,9,1,0
BRDA:249,10,0,0
BRDA:249,10,1,0
BRDA:275,11,0,0
BRDA:275,11,1,0
BRDA:276,12,0,0
BRDA:276,12,1,0
BRDA:277,13,0,0
BRDA:277,13,1,0
BRDA:278,14,0,0
BRDA:278,14,1,0
BRDA:279,15,0,0
BRDA:279,15,1,0
BRDA:280,16,0,0
BRDA:280,16,1,0
BRDA:281,17,0,0
BRDA:281,17,1,0
BRDA:322,18,0,0
BRDA:325,19,0,0
BRDA:325,19,1,0
BRDA:331,20,0,0
BRDA:334,21,0,0
BRDA:334,21,1,0
BRDA:343,22,0,0
BRDA:343,22,1,0
BRDA:344,23,0,0
BRDA:344,23,1,0
BRDA:350,24,0,0
BRDA:350,24,1,0
BRF:47
BRH:0
end_of_record
TN:
SF:src/components/checkin/MemberSearch.tsx
FN:49,(anonymous_0)
FN:63,(anonymous_1)
FN:69,(anonymous_2)
FN:70,(anonymous_3)
FN:79,(anonymous_4)
FN:81,(anonymous_5)
FN:83,(anonymous_6)
FN:88,(anonymous_7)
FN:89,(anonymous_8)
FN:97,(anonymous_9)
FN:98,(anonymous_10)
FN:102,(anonymous_11)
FN:103,(anonymous_12)
FN:106,(anonymous_13)
FN:107,(anonymous_14)
FN:110,(anonymous_15)
FN:111,(anonymous_16)
FN:114,(anonymous_17)
FN:126,(anonymous_18)
FN:132,(anonymous_19)
FN:177,(anonymous_20)
FN:184,(anonymous_21)
FN:258,(anonymous_22)
FN:276,(anonymous_23)
FNF:24
FNH:0
FNDA:0,(anonymous_0)
FNDA:0,(anonymous_1)
FNDA:0,(anonymous_2)
FNDA:0,(anonymous_3)
FNDA:0,(anonymous_4)
FNDA:0,(anonymous_5)
FNDA:0,(anonymous_6)
FNDA:0,(anonymous_7)
FNDA:0,(anonymous_8)
FNDA:0,(anonymous_9)
FNDA:0,(anonymous_10)
FNDA:0,(anonymous_11)
FNDA:0,(anonymous_12)
FNDA:0,(anonymous_13)
FNDA:0,(anonymous_14)
FNDA:0,(anonymous_15)
FNDA:0,(anonymous_16)
FNDA:0,(anonymous_17)
FNDA:0,(anonymous_18)
FNDA:0,(anonymous_19)
FNDA:0,(anonymous_20)
FNDA:0,(anonymous_21)
FNDA:0,(anonymous_22)
FNDA:0,(anonymous_23)
DA:49,0
DA:54,0
DA:63,0
DA:64,0
DA:65,0
DA:69,0
DA:70,0
DA:72,0
DA:73,0
DA:74,0
DA:79,0
DA:80,0
DA:81,0
DA:82,0
DA:83,0
DA:88,0
DA:89,0
DA:97,0
DA:98,0
DA:102,0
DA:103,0
DA:106,0
DA:107,0
DA:110,0
DA:111,0
DA:114,0
DA:115,0
DA:116,0
DA:124,0
DA:126,0
DA:127,0
DA:128,0
DA:130,0
DA:132,0
DA:177,0
DA:178,0
DA:179,0
DA:181,0
DA:184,0
DA:228,0
DA:259,0
DA:276,0
DA:345,0
LF:43
LH:0
BRDA:52,0,0,0
BRDA:64,1,0,0
BRDA:64,1,1,0
BRDA:72,2,0,0
BRDA:72,2,1,0
BRDA:72,3,0,0
BRDA:72,3,1,0
BRDA:73,4,0,0
BRDA:73,4,1,0
BRDA:73,5,0,0
BRDA:73,5,1,0
BRDA:80,6,0,0
BRDA:80,6,1,0
BRDA:80,7,0,0
BRDA:80,7,1,0
BRDA:82,8,0,0
BRDA:82,8,1,0
BRDA:115,9,0,0
BRDA:115,9,1,0
BRDA:115,10,0,0
BRDA:115,10,1,0
BRDA:124,11,0,0
BRDA:124,11,1,0
BRDA:124,11,2,0
BRDA:135,12,0,0
BRDA:135,12,1,0
BRDA:165,13,0,0
BRDA:165,13,1,0
BRDA:187,14,0,0
BRDA:187,14,1,0
BRDA:216,15,0,0
BRDA:216,15,1,0
BRDA:234,16,0,0
BRDA:234,16,1,0
BRDA:256,17,0,0
BRDA:256,17,1,0
BRDA:270,18,0,0
BRDA:270,18,1,0
BRDA:272,19,0,0
BRDA:272,19,1,0
BRDA:302,20,0,0
BRDA:302,20,1,0
BRDA:332,21,0,0
BRDA:332,21,1,0
BRDA:334,22,0,0
BRDA:334,22,1,0
BRDA:334,22,2,0
BRDA:337,23,0,0
BRDA:337,23,1,0
BRF:49
BRH:0
end_of_record
TN:
SF:src/components/checkin/QRScanner.tsx
FN:34,(anonymous_0)
FN:46,(anonymous_1)
FN:47,(anonymous_2)
FN:54,(anonymous_3)
FN:71,(anonymous_4)
FN:77,(anonymous_5)
FNF:6
FNH:0
FNDA:0,(anonymous_0)
FNDA:0,(anonymous_1)
FNDA:0,(anonymous_2)
FNDA:0,(anonymous_3)
FNDA:0,(anonymous_4)
FNDA:0,(anonymous_5)
DA:32,0
DA:34,0
DA:40,0
DA:41,0
DA:42,0
DA:43,0
DA:46,0
DA:47,0
DA:48,0
DA:49,0
DA:54,0
DA:56,0
DA:57,0
DA:60,0
DA:63,0
DA:64,0
DA:67,0
DA:68,0
DA:71,0
DA:72,0
DA:73,0
DA:77,0
DA:78,0
DA:79,0
DA:80,0
DA:81,0
DA:84,0
DA:85,0
DA:86,0
DA:92,0
DA:93,0
DA:104,0
DA:105,0
DA:139,0
DA:207,0
DA:208,0
DA:210,0
LF:37
LH:0
BRDA:38,0,0,0
BRDA:48,1,0,0
BRDA:48,1,1,0
BRDA:56,2,0,0
BRDA:56,2,1,0
BRDA:56,3,0,0
BRDA:56,3,1,0
BRDA:56,3,2,0
BRDA:80,4,0,0
BRDA:80,4,1,0
BRDA:80,5,0,0
BRDA:80,5,1,0
BRDA:85,6,0,0
BRDA:85,6,1,0
BRDA:92,7,0,0
BRDA:92,7,1,0
BRDA:104,8,0,0
BRDA:104,8,1,0
BRDA:123,9,0,0
BRDA:123,9,1,0
BRDA:142,10,0,0
BRDA:142,10,1,0
BRDA:158,11,0,0
BRDA:158,11,1,0
BRDA:189,12,0,0
BRDA:189,12,1,0
BRDA:193,13,0,0
BRDA:193,13,1,0
BRF:28
BRH:0
end_of_record
TN:
SF:src/components/checkin/ServiceStatusChip.tsx
FN:20,(anonymous_0)
FN:33,(anonymous_1)
FNF:2
FNH:0
FNDA:0,(anonymous_0)
FNDA:0,(anonymous_1)
DA:20,0
DA:26,0
DA:30,0
DA:33,0
DA:34,0
DA:35,0
DA:36,0
DA:39,0
DA:40,0
DA:57,0
DA:93,0
LF:11
LH:0
BRDA:22,0,0,0
BRDA:23,1,0,0
BRDA:30,2,0,0
BRDA:30,2,1,0
BRDA:34,3,0,0
BRDA:34,3,1,0
BRDA:35,4,0,0
BRDA:35,4,1,0
BRDA:39,5,0,0
BRDA:39,5,1,0
BRDA:71,6,0,0
BRDA:71,6,1,0
BRF:12
BRH:0
end_of_record
TN:
SF:src/components/checkin/index.ts
FNF:0
FNH:0
LF:0
LH:0
BRF:0
BRH:0
end_of_record
TN:
SF:src/components/common/Button.tsx
FN:15,(anonymous_0)
FNF:1
FNH:0
FNDA:0,(anonymous_0)
DA:15,0
DA:20,0
LF:2
LH:0
BRDA:17,0,0,0
BRDA:21,1,0,0
BRDA:21,1,1,0
BRF:3
BRH:0
end_of_record
TN:
SF:src/components/common/ErrorBoundary.tsx
FN:22,(anonymous_0)
FN:27,(anonymous_1)
FN:31,(anonymous_2)
FN:37,(anonymous_3)
FN:41,(anonymous_4)
FNF:5
FNH:0
FNDA:0,(anonymous_0)
FNDA:0,(anonymous_1)
FNDA:0,(anonymous_2)
FNDA:0,(anonymous_3)
FNDA:0,(anonymous_4)
DA:23,0
DA:24,0
DA:28,0
DA:32,0
DA:37,0
DA:38,0
DA:42,0
DA:43,0
DA:44,0
DA:47,0
DA:81,0
DA:85,0
LF:12
LH:0
BRDA:42,0,0,0
BRDA:42,0,1,0
BRDA:43,1,0,0
BRDA:43,1,1,0
BRDA:66,2,0,0
BRDA:66,2,1,0
BRDA:66,2,2,0
BRF:7
BRH:0
end_of_record
TN:
SF:src/components/common/StatusChip.tsx
FN:38,(anonymous_0)
FN:105,(anonymous_1)
FN:153,(anonymous_2)
FN:154,(anonymous_3)
FN:202,(anonymous_4)
FN:226,(anonymous_5)
FN:250,(anonymous_6)
FNF:7
FNH:0
FNDA:0,(anonymous_0)
FNDA:0,(anonymous_1)
FNDA:0,(anonymous_2)
FNDA:0,(anonymous_3)
FNDA:0,(anonymous_4)
FNDA:0,(anonymous_5)
FNDA:0,(anonymous_6)
DA:38,0
DA:39,0
DA:102,0
DA:105,0
DA:116,0
DA:117,0
DA:119,0
DA:126,0
DA:133,0
DA:153,0
DA:154,0
DA:155,0
DA:164,0
DA:171,0
DA:173,0
DA:180,0
DA:202,0
DA:203,0
DA:209,0
DA:211,0
DA:226,0
DA:227,0
DA:233,0
DA:235,0
DA:250,0
DA:251,0
DA:257,0
DA:259,0
LF:28
LH:0
BRDA:38,0,0,0
BRDA:43,1,0,0
BRDA:43,1,1,0
BRDA:49,2,0,0
BRDA:49,2,1,0
BRDA:55,3,0,0
BRDA:55,3,1,0
BRDA:61,4,0,0
BRDA:61,4,1,0
BRDA:67,5,0,0
BRDA:67,5,1,0
BRDA:73,6,0,0
BRDA:73,6,1,0
BRDA:79,7,0,0
BRDA:79,7,1,0
BRDA:85,8,0,0
BRDA:85,8,1,0
BRDA:91,9,0,0
BRDA:91,9,1,0
BRDA:97,10,0,0
BRDA:97,10,1,0
BRDA:108,11,0,0
BRDA:109,12,0,0
BRDA:111,13,0,0
BRDA:117,14,0,0
BRDA:117,14,1,0
BRDA:117,15,0,0
BRDA:117,15,1,0
BRDA:120,16,0,0
BRDA:120,16,1,0
BRDA:121,17,0,0
BRDA:121,17,1,0
BRDA:122,18,0,0
BRDA:122,18,1,0
BRDA:129,19,0,0
BRDA:129,19,1,0
BRDA:140,20,0,0
BRDA:140,20,1,0
BRDA:153,21,0,0
BRDA:153,22,0,0
BRDA:164,23,0,0
BRDA:164,23,1,0
BRDA:174,24,0,0
BRDA:174,24,1,0
BRDA:174,25,0,0
BRDA:174,25,1,0
BRDA:175,26,0,0
BRDA:175,26,1,0
BRDA:176,27,0,0
BRDA:176,27,1,0
BRDA:187,28,0,0
BRDA:187,28,1,0
BRDA:190,29,0,0
BRDA:190,29,1,0
BRDA:202,30,0,0
BRDA:202,31,0,0
BRDA:213,32,0,0
BRDA:213,32,1,0
BRDA:213,33,0,0
BRDA:213,33,1,0
BRDA:226,34,0,0
BRDA:226,35,0,0
BRDA:237,36,0,0
BRDA:237,36,1,0
BRDA:237,37,0,0
BRDA:237,37,1,0
BRDA:250,38,0,0
BRDA:250,39,0,0
BRDA:261,40,0,0
BRDA:261,40,1,0
BRDA:261,41,0,0
BRDA:261,41,1,0
BRF:72
BRH:0
end_of_record
TN:
SF:src/components/events/EventCard.tsx
FN:30,(anonymous_0)
FN:43,(anonymous_1)
FN:77,(anonymous_2)
FNF:3
FNH:0
FNDA:0,(anonymous_0)
FNDA:0,(anonymous_1)
FNDA:0,(anonymous_2)
DA:30,0
DA:39,0
DA:40,0
DA:41,0
DA:43,0
DA:44,0
DA:45,0
DA:46,0
DA:47,0
DA:49,0
DA:50,0
DA:52,0
DA:53,0
DA:56,0
DA:63,0
DA:64,0
DA:67,0
DA:72,0
DA:77,0
DA:78,0
DA:80,0
DA:82,0
DA:94,0
DA:106,0
DA:118,0
DA:123,0
DA:236,0
DA:237,0
DA:244,0
DA:247,0
LF:30
LH:0
BRDA:36,0,0,0
BRDA:37,1,0,0
BRDA:49,2,0,0
BRDA:49,2,1,0
BRDA:52,3,0,0
BRDA:52,3,1,0
BRDA:67,4,0,0
BRDA:67,4,1,0
BRDA:67,5,0,0
BRDA:67,5,1,0
BRDA:72,6,0,0
BRDA:72,6,1,0
BRDA:72,6,2,0
BRDA:72,6,3,0
BRDA:78,7,0,0
BRDA:78,7,1,0
BRDA:78,8,0,0
BRDA:78,8,1,0
BRDA:80,9,0,0
BRDA:80,9,1,0
BRDA:80,9,2,0
BRDA:80,9,3,0
BRDA:101,10,0,0
BRDA:101,10,1,0
BRDA:123,11,0,0
BRDA:123,11,1,0
BRDA:129,12,0,0
BRDA:129,12,1,0
BRDA:134,13,0,0
BRDA:134,13,1,0
BRDA:157,14,0,0
BRDA:157,14,1,0
BRDA:180,15,0,0
BRDA:180,15,1,0
BRDA:180,15,2,0
BRDA:186,16,0,0
BRDA:186,16,1,0
BRDA:186,16,2,0
BRDA:192,17,0,0
BRDA:192,17,1,0
BRDA:206,18,0,0
BRDA:206,18,1,0
BRDA:210,19,0,0
BRDA:210,19,1,0
BRDA:210,19,2,0
BRDA:210,19,3,0
BRDA:212,20,0,0
BRDA:212,20,1,0
BRDA:223,21,0,0
BRDA:223,21,1,0
BRDA:236,22,0,0
BRDA:236,22,1,0
BRF:52
BRH:0
end_of_record
TN:
SF:src/components/events/EventStatusChip.tsx
FN:18,(anonymous_0)
FNF:1
FNH:0
FNDA:0,(anonymous_0)
DA:18,0
DA:23,0
DA:25,0
LF:3
LH:0
BRDA:20,0,0,0
BRDA:21,1,0,0
BRDA:27,2,0,0
BRDA:27,2,1,0
BRF:4
BRH:0
end_of_record
TN:
SF:src/components/events/RSVPStatusChip.tsx
FN:20,(anonymous_0)
FN:27,(anonymous_1)
FNF:2
FNH:0
FNDA:0,(anonymous_0)
FNDA:0,(anonymous_1)
DA:20,0
DA:27,0
DA:28,0
DA:30,0
DA:39,0
DA:41,0
DA:49,0
DA:57,0
DA:66,0
DA:68,0
LF:10
LH:0
BRDA:24,0,0,0
BRDA:25,1,0,0
BRDA:28,2,0,0
BRDA:28,2,1,0
BRDA:28,2,2,0
BRDA:28,2,3,0
BRDA:39,3,0,0
BRDA:39,3,1,0
BRDA:39,4,0,0
BRDA:39,4,1,0
BRDA:43,5,0,0
BRDA:43,5,1,0
BRDA:70,6,0,0
BRDA:70,6,1,0
BRF:14
BRH:0
end_of_record
TN:
SF:src/components/events/index.ts
FNF:0
FNH:0
LF:0
LH:0
BRF:0
BRH:0
end_of_record
TN:
SF:src/components/feedback/FeedbackSheet.tsx
FN:99,(anonymous_0)
FN:117,(anonymous_1)
FN:173,(anonymous_2)
FN:193,(anonymous_3)
FN:203,(anonymous_4)
FN:217,(anonymous_5)
FN:227,(anonymous_6)
FN:230,(anonymous_7)
FN:303,(anonymous_8)
FN:306,(anonymous_9)
FN:353,(anonymous_10)
FN:356,(anonymous_11)
FNF:12
FNH:0
FNDA:0,(anonymous_0)
FNDA:0,(anonymous_1)
FNDA:0,(anonymous_2)
FNDA:0,(anonymous_3)
FNDA:0,(anonymous_4)
FNDA:0,(anonymous_5)
FNDA:0,(anonymous_6)
FNDA:0,(anonymous_7)
FNDA:0,(anonymous_8)
FNDA:0,(anonymous_9)
FNDA:0,(anonymous_10)
FNDA:0,(anonymous_11)
DA:58,0
DA:92,0
DA:99,0
DA:105,0
DA:106,0
DA:107,0
DA:108,0
DA:109,0
DA:112,0
DA:113,0
DA:114,0
DA:115,0
DA:117,0
DA:118,0
DA:119,0
DA:123,0
DA:126,0
DA:128,0
DA:129,0
DA:145,0
DA:147,0
DA:148,0
DA:153,0
DA:155,0
DA:162,0
DA:163,0
DA:169,0
DA:173,0
DA:176,0
DA:177,0
DA:186,0
DA:188,0
DA:189,0
DA:193,0
DA:194,0
DA:195,0
DA:196,0
DA:197,0
DA:198,0
DA:199,0
DA:200,0
DA:203,0
DA:204,0
DA:205,0
DA:206,0
DA:213,0
DA:217,0
DA:218,0
DA:219,0
DA:220,0
DA:222,0
DA:226,0
DA:227,0
DA:229,0
DA:230,0
DA:233,0
DA:304,0
DA:306,0
DA:354,0
DA:356,0
LF:60
LH:0
BRDA:102,0,0,0
BRDA:118,1,0,0
BRDA:118,1,1,0
BRDA:118,2,0,0
BRDA:118,2,1,0
BRDA:134,3,0,0
BRDA:134,3,1,0
BRDA:135,4,0,0
BRDA:135,4,1,0
BRDA:136,5,0,0
BRDA:136,5,1,0
BRDA:147,6,0,0
BRDA:147,6,1,0
BRDA:220,7,0,0
BRDA:220,7,1,0
BRDA:246,8,0,0
BRDA:246,8,1,0
BRDA:314,9,0,0
BRDA:314,9,1,0
BRDA:316,10,0,0
BRDA:316,10,1,0
BRDA:322,11,0,0
BRDA:322,11,1,0
BRDA:328,12,0,0
BRDA:328,12,1,0
BRDA:329,13,0,0
BRDA:329,13,1,0
BRDA:340,14,0,0
BRDA:340,14,1,0
BRDA:364,15,0,0
BRDA:364,15,1,0
BRDA:366,16,0,0
BRDA:366,16,1,0
BRDA:384,17,0,0
BRDA:384,17,1,0
BRDA:386,18,0,0
BRDA:386,18,1,0
BRDA:478,19,0,0
BRDA:478,19,1,0
BRDA:604,20,0,0
BRDA:604,20,1,0
BRDA:604,20,2,0
BRDA:607,21,0,0
BRDA:607,21,1,0
BRDA:607,22,0,0
BRDA:607,22,1,0
BRDA:607,22,2,0
BRDA:623,23,0,0
BRDA:623,23,1,0
BRF:49
BRH:0
end_of_record
TN:
SF:src/components/navigation/RoleGuard.tsx
FN:25,(anonymous_0)
FN:34,(anonymous_1)
FN:35,(anonymous_2)
FN:81,(anonymous_3)
FN:82,(anonymous_4)
FN:83,(anonymous_5)
FN:85,(anonymous_6)
FN:90,(anonymous_7)
FN:92,(anonymous_8)
FN:95,(anonymous_9)
FN:97,(anonymous_10)
FN:100,(anonymous_11)
FN:104,(anonymous_12)
FN:107,(anonymous_13)
FN:111,(anonymous_14)
FN:115,(anonymous_15)
FN:119,(anonymous_16)
FN:149,(anonymous_17)
FN:153,(anonymous_18)
FN:163,(anonymous_19)
FN:178,(anonymous_20)
FN:190,(anonymous_21)
FN:193,(anonymous_22)
FN:198,(anonymous_23)
FN:201,(anonymous_24)
FN:218,(anonymous_25)
FN:219,(anonymous_26)
FNF:27
FNH:0
FNDA:0,(anonymous_0)
FNDA:0,(anonymous_1)
FNDA:0,(anonymous_2)
FNDA:0,(anonymous_3)
FNDA:0,(anonymous_4)
FNDA:0,(anonymous_5)
FNDA:0,(anonymous_6)
FNDA:0,(anonymous_7)
FNDA:0,(anonymous_8)
FNDA:0,(anonymous_9)
FNDA:0,(anonymous_10)
FNDA:0,(anonymous_11)
FNDA:0,(anonymous_12)
FNDA:0,(anonymous_13)
FNDA:0,(anonymous_14)
FNDA:0,(anonymous_15)
FNDA:0,(anonymous_16)
FNDA:0,(anonymous_17)
FNDA:0,(anonymous_18)
FNDA:0,(anonymous_19)
FNDA:0,(anonymous_20)
FNDA:0,(anonymous_21)
FNDA:0,(anonymous_22)
FNDA:0,(anonymous_23)
FNDA:0,(anonymous_24)
FNDA:0,(anonymous_25)
FNDA:0,(anonymous_26)
DA:25,0
DA:34,0
DA:35,0
DA:38,0
DA:39,0
DA:40,0
DA:43,0
DA:51,0
DA:58,0
DA:59,0
DA:60,0
DA:63,0
DA:75,0
DA:81,0
DA:82,0
DA:83,0
DA:85,0
DA:86,0
DA:87,0
DA:90,0
DA:91,0
DA:92,0
DA:95,0
DA:96,0
DA:97,0
DA:100,0
DA:101,0
DA:103,0
DA:104,0
DA:107,0
DA:108,0
DA:111,0
DA:112,0
DA:115,0
DA:116,0
DA:119,0
DA:124,0
DA:132,0
DA:149,0
DA:153,0
DA:154,0
DA:163,0
DA:170,0
DA:171,0
DA:175,0
DA:176,0
DA:177,0
DA:178,0
DA:181,0
DA:182,0
DA:187,0
DA:188,0
DA:190,0
DA:191,0
DA:192,0
DA:193,0
DA:198,0
DA:199,0
DA:200,0
DA:201,0
DA:207,0
DA:218,0
DA:219,0
DA:221,0
DA:224,0
DA:273,0
LF:66
LH:0
BRDA:29,0,0,0
BRDA:31,1,0,0
BRDA:38,2,0,0
BRDA:38,2,1,0
BRDA:38,3,0,0
BRDA:38,3,1,0
BRDA:39,4,0,0
BRDA:39,4,1,0
BRDA:43,5,0,0
BRDA:43,5,1,0
BRDA:44,6,0,0
BRDA:44,6,1,0
BRDA:58,7,0,0
BRDA:58,7,1,0
BRDA:59,8,0,0
BRDA:59,8,1,0
BRDA:63,9,0,0
BRDA:63,9,1,0
BRDA:64,10,0,0
BRDA:64,10,1,0
BRDA:86,11,0,0
BRDA:86,11,1,0
BRDA:86,12,0,0
BRDA:86,12,1,0
BRDA:91,13,0,0
BRDA:91,13,1,0
BRDA:91,14,0,0
BRDA:91,14,1,0
BRDA:96,15,0,0
BRDA:96,15,1,0
BRDA:96,16,0,0
BRDA:96,16,1,0
BRDA:101,17,0,0
BRDA:101,17,1,0
BRDA:101,18,0,0
BRDA:101,18,1,0
BRDA:122,19,0,0
BRDA:125,20,0,0
BRDA:125,20,1,0
BRDA:167,21,0,0
BRDA:170,22,0,0
BRDA:170,22,1,0
BRDA:170,23,0,0
BRDA:170,23,1,0
BRDA:170,23,2,0
BRDA:175,24,0,0
BRDA:175,24,1,0
BRDA:181,25,0,0
BRDA:181,25,1,0
BRDA:187,26,0,0
BRDA:187,26,1,0
BRDA:187,27,0,0
BRDA:187,27,1,0
BRDA:188,28,0,0
BRDA:188,28,1,0
BRDA:236,29,0,0
BRDA:236,29,1,0
BRDA:236,29,2,0
BRDA:236,29,3,0
BRDA:242,30,0,0
BRDA:242,30,1,0
BRDA:249,31,0,0
BRDA:249,31,1,0
BRF:63
BRH:0
end_of_record
TN:
SF:src/components/scanner/QRCodeScanner.tsx
FN:47,(anonymous_0)
FN:61,(anonymous_1)
FN:63,(anonymous_2)
FN:67,(anonymous_3)
FN:80,(anonymous_4)
FN:94,(anonymous_5)
FN:155,(anonymous_6)
FN:253,(anonymous_7)
FN:282,(anonymous_8)
FN:310,(anonymous_9)
FN:327,(anonymous_10)
FN:344,(anonymous_11)
FN:361,(anonymous_12)
FN:362,(anonymous_13)
FN:367,(anonymous_14)
FNF:15
FNH:0
FNDA:0,(anonymous_0)
FNDA:0,(anonymous_1)
FNDA:0,(anonymous_2)
FNDA:0,(anonymous_3)
FNDA:0,(anonymous_4)
FNDA:0,(anonymous_5)
FNDA:0,(anonymous_6)
FNDA:0,(anonymous_7)
FNDA:0,(anonymous_8)
FNDA:0,(anonymous_9)
FNDA:0,(anonymous_10)
FNDA:0,(anonymous_11)
FNDA:0,(anonymous_12)
FNDA:0,(anonymous_13)
FNDA:0,(anonymous_14)
DA:47,0
DA:54,0
DA:55,0
DA:56,0
DA:57,0
DA:58,0
DA:59,0
DA:61,0
DA:63,0
DA:64,0
DA:67,0
DA:68,0
DA:69,0
DA:70,0
DA:72,0
DA:73,0
DA:82,0
DA:89,0
DA:90,0
DA:94,0
DA:102,0
DA:103,0
DA:104,0
DA:107,0
DA:108,0
DA:109,0
DA:111,0
DA:113,0
DA:114,0
DA:116,0
DA:120,0
DA:122,0
DA:123,0
DA:127,0
DA:128,0
DA:134,0
DA:136,0
DA:138,0
DA:140,0
DA:142,0
DA:143,0
DA:145,0
DA:151,0
DA:155,0
DA:156,0
DA:158,0
DA:160,0
DA:161,0
DA:172,0
DA:173,0
DA:176,0
DA:181,0
DA:184,0
DA:185,0
DA:194,0
DA:199,0
DA:201,0
DA:202,0
DA:212,0
DA:213,0
DA:215,0
DA:217,0
DA:224,0
DA:231,0
DA:238,0
DA:246,0
DA:253,0
DA:254,0
DA:255,0
DA:258,0
DA:260,0
DA:262,0
DA:263,0
DA:266,0
DA:267,0
DA:270,0
DA:271,0
DA:274,0
DA:275,0
DA:278,0
DA:282,0
DA:286,0
DA:293,0
DA:295,0
DA:297,0
DA:300,0
DA:301,0
DA:305,0
DA:306,0
DA:310,0
DA:314,0
DA:321,0
DA:322,0
DA:323,0
DA:327,0
DA:331,0
DA:338,0
DA:339,0
DA:340,0
DA:344,0
DA:348,0
DA:355,0
DA:356,0
DA:357,0
DA:361,0
DA:362,0
DA:363,0
DA:367,0
DA:368,0
DA:371,0
DA:372,0
DA:380,0
DA:381,0
DA:393,0
DA:474,0
LF:115
LH:0
BRDA:51,0,0,0
BRDA:52,1,0,0
BRDA:72,2,0,0
BRDA:72,2,1,0
BRDA:103,3,0,0
BRDA:103,3,1,0
BRDA:113,4,0,0
BRDA:113,4,1,0
BRDA:122,5,0,0
BRDA:122,5,1,0
BRDA:127,6,0,0
BRDA:127,6,1,0
BRDA:127,7,0,0
BRDA:127,7,1,0
BRDA:140,8,0,0
BRDA:140,8,1,0
BRDA:142,9,0,0
BRDA:142,9,1,0
BRDA:160,10,0,0
BRDA:160,10,1,0
BRDA:160,11,0,0
BRDA:160,11,1,0
BRDA:172,12,0,0
BRDA:172,12,1,0
BRDA:172,13,0,0
BRDA:172,13,1,0
BRDA:176,14,0,0
BRDA:176,14,1,0
BRDA:177,15,0,0
BRDA:177,15,1,0
BRDA:181,16,0,0
BRDA:181,16,1,0
BRDA:184,17,0,0
BRDA:184,17,1,0
BRDA:194,18,0,0
BRDA:194,18,1,0
BRDA:195,19,0,0
BRDA:195,19,1,0
BRDA:199,20,0,0
BRDA:199,20,1,0
BRDA:201,21,0,0
BRDA:201,21,1,0
BRDA:212,22,0,0
BRDA:212,22,1,0
BRDA:215,23,0,0
BRDA:215,23,1,0
BRDA:215,23,2,0
BRDA:215,23,3,0
BRDA:254,24,0,0
BRDA:254,24,1,0
BRDA:260,25,0,0
BRDA:260,25,1,0
BRDA:260,25,2,0
BRDA:260,25,3,0
BRDA:260,25,4,0
BRDA:293,26,0,0
BRDA:293,26,1,0
BRDA:321,27,0,0
BRDA:321,27,1,0
BRDA:338,28,0,0
BRDA:338,28,1,0
BRDA:355,29,0,0
BRDA:355,29,1,0
BRDA:363,30,0,0
BRDA:363,30,1,0
BRDA:371,31,0,0
BRDA:371,31,1,0
BRDA:380,32,0,0
BRDA:380,32,1,0
BRDA:401,33,0,0
BRDA:401,33,1,0
BRDA:416,34,0,0
BRDA:416,34,1,0
BRDA:418,35,0,0
BRDA:418,35,1,0
BRDA:440,36,0,0
BRDA:440,36,1,0
BRDA:450,37,0,0
BRDA:450,37,1,0
BRDA:455,38,0,0
BRDA:455,38,1,0
BRF:81
BRH:0
end_of_record
TN:
SF:src/components/security/PermissionGate.tsx
FN:41,(anonymous_0)
FN:76,(anonymous_1)
FN:119,(anonymous_2)
FN:133,(anonymous_3)
FN:146,(anonymous_4)
FN:159,(anonymous_5)
FN:172,(anonymous_6)
FN:183,(anonymous_7)
FN:186,(anonymous_8)
FN:191,(anonymous_9)
FN:196,(anonymous_10)
FN:200,(anonymous_11)
FNF:12
FNH:0
FNDA:0,(anonymous_0)
FNDA:0,(anonymous_1)
FNDA:0,(anonymous_2)
FNDA:0,(anonymous_3)
FNDA:0,(anonymous_4)
FNDA:0,(anonymous_5)
FNDA:0,(anonymous_6)
FNDA:0,(anonymous_7)
FNDA:0,(anonymous_8)
FNDA:0,(anonymous_9)
FNDA:0,(anonymous_10)
FNDA:0,(anonymous_11)
DA:41,0
DA:53,0
DA:56,0
DA:57,0
DA:64,0
DA:65,0
DA:68,0
DA:69,0
DA:73,0
DA:74,0
DA:76,0
DA:77,0
DA:81,0
DA:82,0
DA:88,0
DA:89,0
DA:93,0
DA:94,0
DA:98,0
DA:99,0
DA:103,0
DA:104,0
DA:107,0
DA:108,0
DA:115,0
DA:119,0
DA:120,0
DA:133,0
DA:134,0
DA:146,0
DA:147,0
DA:159,0
DA:160,0
DA:172,0
DA:173,0
DA:183,0
DA:184,0
DA:186,0
DA:187,0
DA:188,0
DA:191,0
DA:192,0
DA:193,0
DA:196,0
DA:197,0
DA:200,0
DA:201,0
DA:202,0
DA:205,0
DA:220,0
LF:50
LH:0
BRDA:45,0,0,0
BRDA:50,1,0,0
BRDA:56,2,0,0
BRDA:56,2,1,0
BRDA:56,3,0,0
BRDA:56,3,1,0
BRDA:57,4,0,0
BRDA:57,4,1,0
BRDA:58,5,0,0
BRDA:58,5,1,0
BRDA:68,6,0,0
BRDA:68,6,1,0
BRDA:68,7,0,0
BRDA:68,7,1,0
BRDA:73,8,0,0
BRDA:73,8,1,0
BRDA:73,9,0,0
BRDA:73,9,1,0
BRDA:74,10,0,0
BRDA:74,10,1,0
BRDA:76,11,0,0
BRDA:76,11,1,0
BRDA:81,12,0,0
BRDA:81,12,1,0
BRDA:88,13,0,0
BRDA:88,13,1,0
BRDA:88,14,0,0
BRDA:88,14,1,0
BRDA:93,15,0,0
BRDA:93,15,1,0
BRDA:93,16,0,0
BRDA:93,16,1,0
BRDA:93,16,2,0
BRDA:98,17,0,0
BRDA:98,17,1,0
BRDA:98,18,0,0
BRDA:98,18,1,0
BRDA:103,19,0,0
BRDA:103,19,1,0
BRDA:103,20,0,0
BRDA:103,20,1,0
BRDA:107,21,0,0
BRDA:107,21,1,0
BRDA:108,22,0,0
BRDA:108,22,1,0
BRDA:109,23,0,0
BRDA:109,23,1,0
BRDA:187,24,0,0
BRDA:187,24,1,0
BRDA:192,25,0,0
BRDA:192,25,1,0
BRDA:201,26,0,0
BRDA:201,26,1,0
BRF:53
BRH:0
end_of_record
TN:
SF:src/components/security/PrivacyNotice.tsx
FN:41,(anonymous_0)
FN:55,(anonymous_1)
FN:83,(anonymous_2)
FN:103,(anonymous_3)
FN:118,(anonymous_4)
FN:119,(anonymous_5)
FN:127,(anonymous_6)
FN:128,(anonymous_7)
FN:136,(anonymous_8)
FN:139,(anonymous_9)
FN:173,(anonymous_10)
FN:183,(anonymous_11)
FN:193,(anonymous_12)
FN:232,(anonymous_13)
FN:254,(anonymous_14)
FN:278,(anonymous_15)
FN:367,(anonymous_16)
FN:373,(anonymous_17)
FN:377,(anonymous_18)
FN:404,(anonymous_19)
FN:422,(anonymous_20)
FNF:21
FNH:0
FNDA:0,(anonymous_0)
FNDA:0,(anonymous_1)
FNDA:0,(anonymous_2)
FNDA:0,(anonymous_3)
FNDA:0,(anonymous_4)
FNDA:0,(anonymous_5)
FNDA:0,(anonymous_6)
FNDA:0,(anonymous_7)
FNDA:0,(anonymous_8)
FNDA:0,(anonymous_9)
FNDA:0,(anonymous_10)
FNDA:0,(anonymous_11)
FNDA:0,(anonymous_12)
FNDA:0,(anonymous_13)
FNDA:0,(anonymous_14)
FNDA:0,(anonymous_15)
FNDA:0,(anonymous_16)
FNDA:0,(anonymous_17)
FNDA:0,(anonymous_18)
FNDA:0,(anonymous_19)
FNDA:0,(anonymous_20)
DA:38,0
DA:39,0
DA:41,0
DA:46,0
DA:47,0
DA:55,0
DA:56,0
DA:64,0
DA:65,0
DA:73,0
DA:75,0
DA:76,0
DA:83,0
DA:84,0
DA:85,0
DA:93,0
DA:95,0
DA:96,0
DA:103,0
DA:104,0
DA:118,0
DA:119,0
DA:120,0
DA:127,0
DA:128,0
DA:129,0
DA:136,0
DA:137,0
DA:139,0
DA:146,0
DA:174,0
DA:184,0
DA:194,0
DA:233,0
DA:255,0
DA:279,0
DA:367,0
DA:368,0
DA:369,0
DA:373,0
DA:374,0
DA:377,0
DA:378,0
DA:379,0
DA:381,0
DA:382,0
DA:385,0
DA:386,0
DA:387,0
DA:390,0
DA:391,0
DA:394,0
DA:395,0
DA:398,0
DA:399,0
DA:400,0
DA:404,0
DA:405,0
DA:406,0
DA:414,0
DA:415,0
DA:417,0
DA:418,0
DA:422,0
DA:423,0
DA:424,0
DA:425,0
DA:426,0
DA:428,0
DA:429,0
DA:433,0
DA:442,0
LF:72
LH:0
BRDA:137,0,0,0
BRDA:137,0,1,0
BRDA:231,1,0,0
BRDA:231,1,1,0
BRDA:253,2,0,0
BRDA:253,2,1,0
BRDA:276,3,0,0
BRDA:276,3,1,0
BRDA:381,4,0,0
BRDA:381,4,1,0
BRDA:385,5,0,0
BRDA:385,5,1,0
BRF:12
BRH:0
end_of_record
TN:
SF:src/config/app.ts
FN:14,getConfigValue
FN:137,validateConfig
FN:163,initializeConfig
FNF:3
FNH:1
FNDA:53,getConfigValue
FNDA:0,validateConfig
FNDA:0,initializeConfig
DA:9,1
DA:10,1
DA:11,1
DA:15,53
DA:16,53
DA:20,1
DA:138,0
DA:140,0
DA:141,0
DA:142,0
DA:145,0
DA:146,0
DA:147,0
DA:150,0
DA:151,0
DA:152,0
DA:155,0
DA:157,0
DA:158,0
DA:164,0
DA:165,0
DA:168,0
DA:169,0
LF:23
LH:6
BRDA:9,0,0,1
BRDA:9,0,1,0
BRDA:16,1,0,0
BRDA:16,1,1,53
BRDA:23,2,0,1
BRDA:23,2,1,1
BRDA:33,3,0,1
BRDA:33,3,1,0
BRDA:140,4,0,0
BRDA:140,4,1,0
BRDA:145,5,0,0
BRDA:145,5,1,0
BRDA:145,6,0,0
BRDA:145,6,1,0
BRDA:150,7,0,0
BRDA:150,7,1,0
BRDA:150,8,0,0
BRDA:150,8,1,0
BRDA:164,9,0,0
BRDA:164,9,1,0
BRDA:168,10,0,0
BRDA:168,10,1,0
BRF:22
BRH:5
end_of_record
TN:
SF:src/config/endpoints.ts
FN:9,(anonymous_0)
FN:60,(anonymous_1)
FN:61,(anonymous_2)
FN:62,(anonymous_3)
FN:68,(anonymous_4)
FN:69,(anonymous_5)
FN:75,(anonymous_6)
FN:76,(anonymous_7)
FN:77,(anonymous_8)
FNF:9
FNH:1
FNDA:3,(anonymous_0)
FNDA:0,(anonymous_1)
FNDA:0,(anonymous_2)
FNDA:0,(anonymous_3)
FNDA:0,(anonymous_4)
FNDA:0,(anonymous_5)
FNDA:0,(anonymous_6)
FNDA:0,(anonymous_7)
FNDA:0,(anonymous_8)
DA:9,3
DA:10,3
DA:12,3
DA:13,0
DA:17,3
DA:18,3
DA:21,0
DA:24,3
DA:27,3
DA:30,3
DA:33,3
DA:40,3
DA:60,0
DA:61,0
DA:62,0
DA:68,0
DA:69,0
DA:75,0
DA:76,0
DA:78,0
LF:20
LH:10
BRDA:12,0,0,0
BRDA:12,0,1,3
BRDA:17,1,0,3
BRDA:17,1,1,0
BRF:4
BRH:2
end_of_record
TN:
SF:src/config/env.ts
FN:53,(anonymous_0)
FN:61,(anonymous_1)
FN:66,(anonymous_2)
FN:67,(anonymous_3)
FN:68,(anonymous_4)
FN:222,(anonymous_5)
FNF:6
FNH:0
FNDA:0,(anonymous_0)
FNDA:0,(anonymous_1)
FNDA:0,(anonymous_2)
FNDA:0,(anonymous_3)
FNDA:0,(anonymous_4)
FNDA:0,(anonymous_5)
DA:53,0
DA:55,0
DA:58,0
DA:61,0
DA:62,0
DA:63,0
DA:66,0
DA:67,0
DA:68,0
DA:70,0
DA:120,0
DA:122,0
DA:123,0
DA:124,0
DA:125,0
DA:126,0
DA:129,0
DA:131,0
DA:132,0
DA:133,0
DA:134,0
DA:135,0
DA:138,0
DA:140,0
DA:141,0
DA:142,0
DA:143,0
DA:144,0
DA:148,0
DA:149,0
DA:152,0
DA:153,0
DA:156,0
DA:157,0
DA:160,0
DA:161,0
DA:184,0
DA:190,0
DA:192,0
DA:196,0
DA:201,0
DA:210,0
DA:211,0
DA:222,0
DA:226,0
DA:228,0
DA:229,0
DA:232,0
DA:233,0
DA:236,0
DA:237,0
DA:240,0
DA:241,0
DA:244,0
LF:54
LH:0
BRDA:55,0,0,0
BRDA:55,0,1,0
BRDA:55,1,0,0
BRDA:55,1,1,0
BRDA:63,2,0,0
BRDA:63,2,1,0
BRDA:73,3,0,0
BRDA:73,3,1,0
BRDA:78,4,0,0
BRDA:78,4,1,0
BRDA:100,5,0,0
BRDA:100,5,1,0
BRDA:108,6,0,0
BRDA:108,6,1,0
BRDA:120,7,0,0
BRDA:120,7,1,0
BRDA:129,8,0,0
BRDA:129,8,1,0
BRDA:138,9,0,0
BRDA:138,9,1,0
BRDA:148,10,0,0
BRDA:148,10,1,0
BRDA:152,11,0,0
BRDA:152,11,1,0
BRDA:152,12,0,0
BRDA:152,12,1,0
BRDA:156,13,0,0
BRDA:156,13,1,0
BRDA:156,14,0,0
BRDA:156,14,1,0
BRDA:160,15,0,0
BRDA:160,15,1,0
BRDA:160,16,0,0
BRDA:160,16,1,0
BRDA:190,17,0,0
BRDA:190,17,1,0
BRDA:192,18,0,0
BRDA:192,18,1,0
BRDA:192,18,2,0
BRDA:196,19,0,0
BRDA:196,19,1,0
BRDA:196,19,2,0
BRDA:202,20,0,0
BRDA:202,20,1,0
BRDA:204,21,0,0
BRDA:204,21,1,0
BRDA:210,22,0,0
BRDA:210,22,1,0
BRDA:228,23,0,0
BRDA:228,23,1,0
BRDA:232,24,0,0
BRDA:232,24,1,0
BRDA:232,25,0,0
BRDA:232,25,1,0
BRDA:236,26,0,0
BRDA:236,26,1,0
BRDA:236,27,0,0
BRDA:236,27,1,0
BRDA:240,28,0,0
BRDA:240,28,1,0
BRDA:240,29,0,0
BRDA:240,29,1,0
BRF:62
BRH:0
end_of_record
TN:
SF:src/config/featureFlags.ts
FN:120,(anonymous_0)
FN:124,(anonymous_1)
FN:126,(anonymous_2)
FN:127,(anonymous_3)
FN:130,(anonymous_4)
FN:132,(anonymous_5)
FN:133,(anonymous_6)
FN:137,(anonymous_7)
FNF:8
FNH:0
FNDA:0,(anonymous_0)
FNDA:0,(anonymous_1)
FNDA:0,(anonymous_2)
FNDA:0,(anonymous_3)
FNDA:0,(anonymous_4)
FNDA:0,(anonymous_5)
FNDA:0,(anonymous_6)
FNDA:0,(anonymous_7)
DA:63,0
DA:120,0
DA:121,0
DA:124,0
DA:125,0
DA:126,0
DA:127,0
DA:130,0
DA:131,0
DA:132,0
DA:133,0
DA:137,0
DA:140,0
DA:142,0
DA:148,0
DA:154,0
DA:160,0
LF:17
LH:0
BRDA:140,0,0,0
BRDA:140,0,1,0
BRDA:140,0,2,0
BRDA:140,0,3,0
BRF:4
BRH:0
end_of_record
TN:
SF:src/data/db.ts
FN:76,(anonymous_0)
FN:100,(anonymous_1)
FN:110,(anonymous_2)
FN:143,(anonymous_3)
FN:159,(anonymous_4)
FN:248,(anonymous_5)
FN:256,(anonymous_6)
FN:267,(anonymous_7)
FN:275,(anonymous_8)
FN:294,(anonymous_9)
FN:302,(anonymous_10)
FN:312,(anonymous_11)
FN:320,(anonymous_12)
FN:348,(anonymous_13)
FN:375,(anonymous_14)
FN:382,(anonymous_15)
FN:394,(anonymous_16)
FN:402,(anonymous_17)
FN:427,(anonymous_18)
FN:434,(anonymous_19)
FN:446,(anonymous_20)
FN:454,(anonymous_21)
FN:463,(anonymous_22)
FN:472,(anonymous_23)
FN:480,(anonymous_24)
FN:497,(anonymous_25)
FN:517,(anonymous_26)
FNF:27
FNH:0
FNDA:0,(anonymous_0)
FNDA:0,(anonymous_1)
FNDA:0,(anonymous_2)
FNDA:0,(anonymous_3)
FNDA:0,(anonymous_4)
FNDA:0,(anonymous_5)
FNDA:0,(anonymous_6)
FNDA:0,(anonymous_7)
FNDA:0,(anonymous_8)
FNDA:0,(anonymous_9)
FNDA:0,(anonymous_10)
FNDA:0,(anonymous_11)
FNDA:0,(anonymous_12)
FNDA:0,(anonymous_13)
FNDA:0,(anonymous_14)
FNDA:0,(anonymous_15)
FNDA:0,(anonymous_16)
FNDA:0,(anonymous_17)
FNDA:0,(anonymous_18)
FNDA:0,(anonymous_19)
FNDA:0,(anonymous_20)
FNDA:0,(anonymous_21)
FNDA:0,(anonymous_22)
FNDA:0,(anonymous_23)
FNDA:0,(anonymous_24)
FNDA:0,(anonymous_25)
FNDA:0,(anonymous_26)
DA:10,0
DA:11,0
DA:70,0
DA:71,0
DA:77,0
DA:79,0
DA:81,0
DA:84,0
DA:87,0
DA:89,0
DA:90,0
DA:92,0
DA:93,0
DA:101,0
DA:102,0
DA:104,0
DA:111,0
DA:114,0
DA:115,0
DA:116,0
DA:119,0
DA:121,0
DA:124,0
DA:129,0
DA:130,0
DA:134,0
DA:135,0
DA:136,0
DA:144,0
DA:145,0
DA:147,0
DA:149,0
DA:150,0
DA:152,0
DA:161,0
DA:176,0
DA:195,0
DA:211,0
DA:225,0
DA:234,0
DA:242,0
DA:249,0
DA:250,0
DA:257,0
DA:258,0
DA:259,0
DA:268,0
DA:269,0
DA:276,0
DA:277,0
DA:295,0
DA:296,0
DA:303,0
DA:304,0
DA:313,0
DA:314,0
DA:321,0
DA:322,0
DA:351,0
DA:352,0
DA:353,0
DA:355,0
DA:372,0
DA:376,0
DA:377,0
DA:387,0
DA:388,0
DA:395,0
DA:396,0
DA:405,0
DA:406,0
DA:407,0
DA:409,0
DA:424,0
DA:428,0
DA:429,0
DA:439,0
DA:440,0
DA:447,0
DA:448,0
DA:455,0
DA:456,0
DA:460,0
DA:464,0
DA:465,0
DA:466,0
DA:473,0
DA:474,0
DA:481,0
DA:483,0
DA:487,0
DA:491,0
DA:498,0
DA:499,0
DA:500,0
DA:501,0
DA:503,0
DA:508,0
DA:518,0
DA:519,0
DA:520,0
DA:521,0
DA:522,0
DA:528,0
LF:104
LH:0
BRDA:77,0,0,0
BRDA:77,0,1,0
BRDA:101,1,0,0
BRDA:101,1,1,0
BRDA:119,2,0,0
BRDA:119,2,1,0
BRDA:134,3,0,0
BRDA:134,3,1,0
BRDA:147,4,0,0
BRDA:147,4,1,0
BRDA:248,5,0,0
BRDA:248,6,0,0
BRDA:256,7,0,0
BRDA:285,8,0,0
BRDA:285,8,1,0
BRDA:288,9,0,0
BRDA:288,9,1,0
BRDA:302,10,0,0
BRDA:302,11,0,0
BRDA:338,12,0,0
BRDA:338,12,1,0
BRDA:364,13,0,0
BRDA:364,13,1,0
BRDA:367,14,0,0
BRDA:367,14,1,0
BRDA:390,15,0,0
BRDA:390,15,1,0
BRDA:419,16,0,0
BRDA:419,16,1,0
BRDA:442,17,0,0
BRDA:442,17,1,0
BRDA:460,18,0,0
BRDA:460,18,1,0
BRDA:492,19,0,0
BRDA:492,19,1,0
BRDA:493,20,0,0
BRDA:493,20,1,0
BRDA:497,21,0,0
BRDA:518,22,0,0
BRDA:518,22,1,0
BRF:40
BRH:0
end_of_record
TN:
SF:src/data/mockData.ts
FN:206,(anonymous_0)
FN:207,(anonymous_1)
FN:210,(anonymous_2)
FN:211,(anonymous_3)
FN:214,(anonymous_4)
FN:219,(anonymous_5)
FN:225,(anonymous_6)
FN:226,(anonymous_7)
FN:229,(anonymous_8)
FN:230,(anonymous_9)
FN:233,(anonymous_10)
FN:234,(anonymous_11)
FN:237,(anonymous_12)
FN:239,(anonymous_13)
FN:243,(anonymous_14)
FN:278,(anonymous_15)
FN:555,(anonymous_16)
FN:556,(anonymous_17)
FN:559,(anonymous_18)
FN:561,(anonymous_19)
FN:562,(anonymous_20)
FN:565,(anonymous_21)
FN:567,(anonymous_22)
FN:568,(anonymous_23)
FN:571,(anonymous_24)
FN:575,(anonymous_25)
FN:576,(anonymous_26)
FN:579,(anonymous_27)
FN:584,(anonymous_28)
FN:588,(anonymous_29)
FN:589,(anonymous_30)
FN:592,(anonymous_31)
FN:596,(anonymous_32)
FN:601,(anonymous_33)
FN:603,(anonymous_34)
FN:606,(anonymous_35)
FN:610,(anonymous_36)
FN:629,(anonymous_37)
FN:680,(anonymous_38)
FN:697,(anonymous_39)
FNF:40
FNH:0
FNDA:0,(anonymous_0)
FNDA:0,(anonymous_1)
FNDA:0,(anonymous_2)
FNDA:0,(anonymous_3)
FNDA:0,(anonymous_4)
FNDA:0,(anonymous_5)
FNDA:0,(anonymous_6)
FNDA:0,(anonymous_7)
FNDA:0,(anonymous_8)
FNDA:0,(anonymous_9)
FNDA:0,(anonymous_10)
FNDA:0,(anonymous_11)
FNDA:0,(anonymous_12)
FNDA:0,(anonymous_13)
FNDA:0,(anonymous_14)
FNDA:0,(anonymous_15)
FNDA:0,(anonymous_16)
FNDA:0,(anonymous_17)
FNDA:0,(anonymous_18)
FNDA:0,(anonymous_19)
FNDA:0,(anonymous_20)
FNDA:0,(anonymous_21)
FNDA:0,(anonymous_22)
FNDA:0,(anonymous_23)
FNDA:0,(anonymous_24)
FNDA:0,(anonymous_25)
FNDA:0,(anonymous_26)
FNDA:0,(anonymous_27)
FNDA:0,(anonymous_28)
FNDA:0,(anonymous_29)
FNDA:0,(anonymous_30)
FNDA:0,(anonymous_31)
FNDA:0,(anonymous_32)
FNDA:0,(anonymous_33)
FNDA:0,(anonymous_34)
FNDA:0,(anonymous_35)
FNDA:0,(anonymous_36)
FNDA:0,(anonymous_37)
FNDA:0,(anonymous_38)
FNDA:0,(anonymous_39)
DA:35,1
DA:128,1
DA:181,1
DA:206,1
DA:207,0
DA:210,1
DA:211,0
DA:214,1
DA:215,0
DA:217,0
DA:218,0
DA:220,0
DA:225,1
DA:226,0
DA:229,1
DA:230,0
DA:233,1
DA:234,0
DA:237,1
DA:238,0
DA:239,0
DA:243,1
DA:250,0
DA:252,0
DA:258,0
DA:264,0
DA:270,0
DA:278,1
DA:279,0
DA:281,0
DA:283,0
DA:285,0
DA:287,0
DA:289,0
DA:291,0
DA:328,1
DA:482,1
DA:555,1
DA:556,0
DA:559,1
DA:560,0
DA:561,0
DA:562,0
DA:565,1
DA:566,0
DA:567,0
DA:568,0
DA:571,1
DA:574,0
DA:575,0
DA:576,0
DA:579,1
DA:583,0
DA:584,0
DA:588,1
DA:589,0
DA:592,1
DA:593,0
DA:596,1
DA:600,0
DA:601,0
DA:603,0
DA:606,0
DA:607,0
DA:610,1
DA:615,0
DA:616,0
DA:619,0
DA:620,0
DA:626,0
DA:629,1
DA:636,0
DA:637,0
DA:639,0
DA:641,0
DA:642,0
DA:648,0
DA:654,0
DA:660,0
DA:666,0
DA:672,0
DA:680,1
DA:681,0
DA:683,0
DA:685,0
DA:687,0
DA:689,0
DA:691,0
DA:693,0
DA:697,1
DA:698,0
DA:700,0
DA:702,0
DA:704,0
DA:706,0
DA:708,0
DA:710,0
LF:97
LH:26
BRDA:215,0,0,0
BRDA:215,0,1,0
BRDA:220,1,0,0
BRDA:220,1,1,0
BRDA:239,2,0,0
BRDA:239,2,1,0
BRDA:250,3,0,0
BRDA:250,3,1,0
BRDA:250,3,2,0
BRDA:250,3,3,0
BRDA:279,4,0,0
BRDA:279,4,1,0
BRDA:279,4,2,0
BRDA:279,4,3,0
BRDA:279,4,4,0
BRDA:279,4,5,0
BRDA:584,5,0,0
BRDA:584,5,1,0
BRDA:601,6,0,0
BRDA:601,6,1,0
BRDA:607,7,0,0
BRDA:607,7,1,0
BRDA:615,8,0,0
BRDA:615,8,1,0
BRDA:619,9,0,0
BRDA:619,9,1,0
BRDA:639,10,0,0
BRDA:639,10,1,0
BRDA:639,10,2,0
BRDA:639,10,3,0
BRDA:639,10,4,0
BRDA:641,11,0,0
BRDA:641,11,1,0
BRDA:681,12,0,0
BRDA:681,12,1,0
BRDA:681,12,2,0
BRDA:681,12,3,0
BRDA:681,12,4,0
BRDA:681,12,5,0
BRDA:698,13,0,0
BRDA:698,13,1,0
BRDA:698,13,2,0
BRDA:698,13,3,0
BRDA:698,13,4,0
BRDA:698,13,5,0
BRF:45
BRH:0
end_of_record
TN:
SF:src/data/mockEvents.ts
FN:125,(anonymous_0)
FN:126,(anonymous_1)
FN:129,(anonymous_2)
FN:131,(anonymous_3)
FN:132,(anonymous_4)
FN:136,(anonymous_5)
FN:138,(anonymous_6)
FN:144,(anonymous_7)
FN:145,(anonymous_8)
FN:146,(anonymous_9)
FN:152,(anonymous_10)
FN:156,(anonymous_11)
FN:165,(anonymous_12)
FNF:13
FNH:0
FNDA:0,(anonymous_0)
FNDA:0,(anonymous_1)
FNDA:0,(anonymous_2)
FNDA:0,(anonymous_3)
FNDA:0,(anonymous_4)
FNDA:0,(anonymous_5)
FNDA:0,(anonymous_6)
FNDA:0,(anonymous_7)
FNDA:0,(anonymous_8)
FNDA:0,(anonymous_9)
FNDA:0,(anonymous_10)
FNDA:0,(anonymous_11)
FNDA:0,(anonymous_12)
DA:19,0
DA:125,0
DA:126,0
DA:129,0
DA:130,0
DA:131,0
DA:132,0
DA:136,0
DA:137,0
DA:139,0
DA:144,0
DA:145,0
DA:146,0
DA:147,0
DA:152,0
DA:153,0
DA:156,0
DA:157,0
DA:158,0
DA:162,0
DA:165,0
DA:166,0
DA:167,0
DA:169,0
LF:24
LH:0
BRDA:139,0,0,0
BRDA:139,0,1,0
BRDA:158,1,0,0
BRDA:158,1,1,0
BRDA:162,2,0,0
BRDA:162,2,1,0
BRDA:170,3,0,0
BRDA:170,3,1,0
BRDA:170,3,2,0
BRF:9
BRH:0
end_of_record
TN:
SF:src/data/mockGroups.ts
FN:354,(anonymous_0)
FN:355,(anonymous_1)
FN:358,(anonymous_2)
FN:359,(anonymous_3)
FN:362,(anonymous_4)
FN:365,(anonymous_5)
FN:369,(anonymous_6)
FN:370,(anonymous_7)
FN:371,(anonymous_8)
FN:375,(anonymous_9)
FN:380,(anonymous_10)
FN:383,(anonymous_11)
FN:394,(anonymous_12)
FN:398,(anonymous_13)
FN:402,(anonymous_14)
FN:407,(anonymous_15)
FN:410,(anonymous_16)
FN:413,(anonymous_17)
FN:418,(anonymous_18)
FN:425,(anonymous_19)
FN:432,(anonymous_20)
FN:437,(anonymous_21)
FN:458,(anonymous_22)
FN:479,(anonymous_23)
FN:483,(anonymous_24)
FN:487,(anonymous_25)
FN:495,(anonymous_26)
FN:499,(anonymous_27)
FN:504,(anonymous_28)
FNF:29
FNH:0
FNDA:0,(anonymous_0)
FNDA:0,(anonymous_1)
FNDA:0,(anonymous_2)
FNDA:0,(anonymous_3)
FNDA:0,(anonymous_4)
FNDA:0,(anonymous_5)
FNDA:0,(anonymous_6)
FNDA:0,(anonymous_7)
FNDA:0,(anonymous_8)
FNDA:0,(anonymous_9)
FNDA:0,(anonymous_10)
FNDA:0,(anonymous_11)
FNDA:0,(anonymous_12)
FNDA:0,(anonymous_13)
FNDA:0,(anonymous_14)
FNDA:0,(anonymous_15)
FNDA:0,(anonymous_16)
FNDA:0,(anonymous_17)
FNDA:0,(anonymous_18)
FNDA:0,(anonymous_19)
FNDA:0,(anonymous_20)
FNDA:0,(anonymous_21)
FNDA:0,(anonymous_22)
FNDA:0,(anonymous_23)
FNDA:0,(anonymous_24)
FNDA:0,(anonymous_25)
FNDA:0,(anonymous_26)
FNDA:0,(anonymous_27)
FNDA:0,(anonymous_28)
DA:62,0
DA:354,0
DA:355,0
DA:358,0
DA:359,0
DA:362,0
DA:363,0
DA:364,0
DA:365,0
DA:369,0
DA:370,0
DA:371,0
DA:375,0
DA:379,0
DA:380,0
DA:383,0
DA:387,0
DA:388,0
DA:389,0
DA:391,0
DA:393,0
DA:395,0
DA:398,0
DA:402,0
DA:406,0
DA:407,0
DA:410,0
DA:411,0
DA:412,0
DA:413,0
DA:418,0
DA:419,0
DA:420,0
DA:425,0
DA:429,0
DA:430,0
DA:432,0
DA:437,0
DA:440,0
DA:442,0
DA:444,0
DA:446,0
DA:448,0
DA:450,0
DA:452,0
DA:454,0
DA:458,0
DA:461,0
DA:463,0
DA:465,0
DA:467,0
DA:469,0
DA:471,0
DA:473,0
DA:475,0
DA:479,0
DA:480,0
DA:483,0
DA:484,0
DA:487,0
DA:491,0
DA:492,0
DA:494,0
DA:495,0
DA:499,0
DA:500,0
DA:501,0
DA:503,0
DA:504,0
DA:507,0
LF:70
LH:0
BRDA:363,0,0,0
BRDA:363,0,1,0
BRDA:365,1,0,0
BRDA:365,1,1,0
BRDA:371,2,0,0
BRDA:371,2,1,0
BRDA:379,3,0,0
BRDA:379,3,1,0
BRDA:388,4,0,0
BRDA:388,4,1,0
BRDA:389,5,0,0
BRDA:389,5,1,0
BRDA:391,6,0,0
BRDA:391,6,1,0
BRDA:395,7,0,0
BRDA:395,7,1,0
BRDA:395,7,2,0
BRDA:395,7,3,0
BRDA:406,8,0,0
BRDA:406,8,1,0
BRDA:413,9,0,0
BRDA:413,9,1,0
BRDA:413,10,0,0
BRDA:413,10,1,0
BRDA:421,11,0,0
BRDA:421,11,1,0
BRDA:421,11,2,0
BRDA:431,12,0,0
BRDA:431,12,1,0
BRDA:432,13,0,0
BRDA:432,13,1,0
BRDA:440,14,0,0
BRDA:440,14,1,0
BRDA:440,14,2,0
BRDA:440,14,3,0
BRDA:440,14,4,0
BRDA:440,14,5,0
BRDA:440,14,6,0
BRDA:461,15,0,0
BRDA:461,15,1,0
BRDA:461,15,2,0
BRDA:461,15,3,0
BRDA:461,15,4,0
BRDA:461,15,5,0
BRDA:461,15,6,0
BRDA:489,16,0,0
BRDA:492,17,0,0
BRDA:492,17,1,0
BRDA:501,18,0,0
BRDA:501,18,1,0
BRF:50
BRH:0
end_of_record
TN:
SF:src/data/mockMembers.ts
FN:199,(anonymous_0)
FN:200,(anonymous_1)
FN:203,(anonymous_2)
FN:204,(anonymous_3)
FN:207,(anonymous_4)
FN:218,(anonymous_5)
FN:222,(anonymous_6)
FN:225,(anonymous_7)
FN:231,(anonymous_8)
FN:236,(anonymous_9)
FN:237,(anonymous_10)
FN:241,(anonymous_11)
FN:242,(anonymous_12)
FN:245,(anonymous_13)
FN:247,(anonymous_14)
FN:250,(anonymous_15)
FN:252,(anonymous_16)
FN:255,(anonymous_17)
FN:259,(anonymous_18)
FN:263,(anonymous_19)
FN:284,(anonymous_20)
FNF:21
FNH:0
FNDA:0,(anonymous_0)
FNDA:0,(anonymous_1)
FNDA:0,(anonymous_2)
FNDA:0,(anonymous_3)
FNDA:0,(anonymous_4)
FNDA:0,(anonymous_5)
FNDA:0,(anonymous_6)
FNDA:0,(anonymous_7)
FNDA:0,(anonymous_8)
FNDA:0,(anonymous_9)
FNDA:0,(anonymous_10)
FNDA:0,(anonymous_11)
FNDA:0,(anonymous_12)
FNDA:0,(anonymous_13)
FNDA:0,(anonymous_14)
FNDA:0,(anonymous_15)
FNDA:0,(anonymous_16)
FNDA:0,(anonymous_17)
FNDA:0,(anonymous_18)
FNDA:0,(anonymous_19)
FNDA:0,(anonymous_20)
DA:26,0
DA:199,0
DA:200,0
DA:203,0
DA:204,0
DA:207,0
DA:211,0
DA:212,0
DA:213,0
DA:215,0
DA:217,0
DA:219,0
DA:223,0
DA:226,0
DA:231,0
DA:235,0
DA:236,0
DA:237,0
DA:241,0
DA:242,0
DA:245,0
DA:246,0
DA:247,0
DA:250,0
DA:251,0
DA:252,0
DA:255,0
DA:256,0
DA:259,0
DA:260,0
DA:263,0
DA:264,0
DA:266,0
DA:267,0
DA:268,0
DA:269,0
DA:270,0
DA:271,0
DA:273,0
DA:274,0
DA:275,0
DA:276,0
DA:278,0
DA:284,0
DA:285,0
DA:287,0
DA:289,0
DA:291,0
DA:293,0
DA:295,0
DA:297,0
DA:299,0
LF:52
LH:0
BRDA:212,0,0,0
BRDA:212,0,1,0
BRDA:213,1,0,0
BRDA:213,1,1,0
BRDA:215,2,0,0
BRDA:215,2,1,0
BRDA:219,3,0,0
BRDA:219,3,1,0
BRDA:219,3,2,0
BRDA:219,3,3,0
BRDA:219,3,4,0
BRDA:235,4,0,0
BRDA:235,4,1,0
BRDA:246,5,0,0
BRDA:246,5,1,0
BRDA:251,6,0,0
BRDA:251,6,1,0
BRDA:264,7,0,0
BRDA:264,7,1,0
BRDA:273,8,0,0
BRDA:273,8,1,0
BRDA:274,9,0,0
BRDA:274,9,1,0
BRDA:275,10,0,0
BRDA:275,10,1,0
BRDA:276,11,0,0
BRDA:276,11,1,0
BRDA:285,12,0,0
BRDA:285,12,1,0
BRDA:285,12,2,0
BRDA:285,12,3,0
BRDA:285,12,4,0
BRDA:285,12,5,0
BRDA:285,12,6,0
BRF:34
BRH:0
end_of_record
TN:
SF:src/data/mockPathways.ts
FN:423,(anonymous_0)
FN:424,(anonymous_1)
FN:427,(anonymous_2)
FN:428,(anonymous_3)
FN:431,(anonymous_4)
FN:432,(anonymous_5)
FN:435,(anonymous_6)
FN:438,(anonymous_7)
FN:441,(anonymous_8)
FN:444,(anonymous_9)
FN:447,(anonymous_10)
FN:448,(anonymous_11)
FN:451,(anonymous_12)
FN:453,(anonymous_13)
FN:458,(anonymous_14)
FN:463,(anonymous_15)
FN:466,(anonymous_16)
FN:470,(anonymous_17)
FN:475,(anonymous_18)
FN:478,(anonymous_19)
FN:479,(anonymous_20)
FN:482,(anonymous_21)
FN:497,(anonymous_22)
FN:512,(anonymous_23)
FN:516,(anonymous_24)
FN:521,(anonymous_25)
FNF:26
FNH:0
FNDA:0,(anonymous_0)
FNDA:0,(anonymous_1)
FNDA:0,(anonymous_2)
FNDA:0,(anonymous_3)
FNDA:0,(anonymous_4)
FNDA:0,(anonymous_5)
FNDA:0,(anonymous_6)
FNDA:0,(anonymous_7)
FNDA:0,(anonymous_8)
FNDA:0,(anonymous_9)
FNDA:0,(anonymous_10)
FNDA:0,(anonymous_11)
FNDA:0,(anonymous_12)
FNDA:0,(anonymous_13)
FNDA:0,(anonymous_14)
FNDA:0,(anonymous_15)
FNDA:0,(anonymous_16)
FNDA:0,(anonymous_17)
FNDA:0,(anonymous_18)
FNDA:0,(anonymous_19)
FNDA:0,(anonymous_20)
FNDA:0,(anonymous_21)
FNDA:0,(anonymous_22)
FNDA:0,(anonymous_23)
FNDA:0,(anonymous_24)
FNDA:0,(anonymous_25)
DA:42,0
DA:423,0
DA:424,0
DA:427,0
DA:428,0
DA:431,0
DA:432,0
DA:435,0
DA:438,0
DA:441,0
DA:444,0
DA:447,0
DA:448,0
DA:451,0
DA:452,0
DA:454,0
DA:458,0
DA:459,0
DA:460,0
DA:462,0
DA:464,0
DA:466,0
DA:470,0
DA:474,0
DA:475,0
DA:478,0
DA:479,0
DA:482,0
DA:485,0
DA:487,0
DA:489,0
DA:491,0
DA:493,0
DA:497,0
DA:498,0
DA:500,0
DA:502,0
DA:504,0
DA:506,0
DA:508,0
DA:512,0
DA:513,0
DA:516,0
DA:520,0
DA:521,0
DA:524,0
LF:46
LH:0
BRDA:454,0,0,0
BRDA:454,0,1,0
BRDA:454,0,2,0
BRDA:460,1,0,0
BRDA:460,1,1,0
BRDA:464,2,0,0
BRDA:464,2,1,0
BRDA:464,2,2,0
BRDA:485,3,0,0
BRDA:485,3,1,0
BRDA:485,3,2,0
BRDA:485,3,3,0
BRDA:498,4,0,0
BRDA:498,4,1,0
BRDA:498,4,2,0
BRDA:498,4,3,0
BRDA:498,4,4,0
BRDA:520,5,0,0
BRDA:520,5,1,0
BRF:19
BRH:0
end_of_record
TN:
SF:src/data/mockReports.ts
FN:322,(anonymous_0)
FN:325,(anonymous_1)
FN:328,(anonymous_2)
FN:331,(anonymous_3)
FN:332,(anonymous_4)
FN:337,(anonymous_5)
FN:359,(anonymous_6)
FN:374,(anonymous_7)
FN:389,(anonymous_8)
FN:402,(anonymous_9)
FN:423,(anonymous_10)
FNF:11
FNH:0
FNDA:0,(anonymous_0)
FNDA:0,(anonymous_1)
FNDA:0,(anonymous_2)
FNDA:0,(anonymous_3)
FNDA:0,(anonymous_4)
FNDA:0,(anonymous_5)
FNDA:0,(anonymous_6)
FNDA:0,(anonymous_7)
FNDA:0,(anonymous_8)
FNDA:0,(anonymous_9)
FNDA:0,(anonymous_10)
DA:97,0
DA:322,0
DA:325,0
DA:328,0
DA:331,0
DA:333,0
DA:337,0
DA:345,0
DA:346,0
DA:348,0
DA:359,0
DA:362,0
DA:364,0
DA:366,0
DA:368,0
DA:370,0
DA:374,0
DA:377,0
DA:379,0
DA:381,0
DA:383,0
DA:385,0
DA:389,0
DA:390,0
DA:392,0
DA:394,0
DA:396,0
DA:398,0
DA:402,0
DA:403,0
DA:404,0
DA:406,0
DA:408,0
DA:410,0
DA:415,0
DA:417,0
DA:419,0
DA:423,0
DA:427,0
DA:428,0
LF:40
LH:0
BRDA:339,0,0,0
BRDA:349,1,0,0
BRDA:349,1,1,0
BRDA:350,2,0,0
BRDA:350,2,1,0
BRDA:351,3,0,0
BRDA:351,3,1,0
BRDA:352,4,0,0
BRDA:352,4,1,0
BRDA:353,5,0,0
BRDA:353,5,1,0
BRDA:354,6,0,0
BRDA:354,6,1,0
BRDA:354,7,0,0
BRDA:354,7,1,0
BRDA:355,8,0,0
BRDA:355,8,1,0
BRDA:355,9,0,0
BRDA:355,9,1,0
BRDA:362,10,0,0
BRDA:362,10,1,0
BRDA:362,10,2,0
BRDA:362,10,3,0
BRDA:377,11,0,0
BRDA:377,11,1,0
BRDA:377,11,2,0
BRDA:377,11,3,0
BRDA:390,12,0,0
BRDA:390,12,1,0
BRDA:390,12,2,0
BRDA:390,12,3,0
BRDA:406,13,0,0
BRDA:406,13,1,0
BRDA:406,13,2,0
BRDA:406,13,3,0
BRDA:406,13,4,0
BRDA:427,14,0,0
BRDA:427,14,1,0
BRDA:427,15,0,0
BRDA:427,15,1,0
BRF:40
BRH:0
end_of_record
TN:
SF:src/features/auth/screens/OnboardingScreen.tsx
FN:91,(anonymous_0)
FN:102,(anonymous_1)
FN:103,(anonymous_2)
FN:108,(anonymous_3)
FN:116,(anonymous_4)
FN:122,(anonymous_5)
FN:128,(anonymous_6)
FN:140,(anonymous_7)
FN:176,(anonymous_8)
FN:186,(anonymous_9)
FN:205,(anonymous_10)
FN:232,(anonymous_11)
FN:251,(anonymous_12)
FNF:13
FNH:0
FNDA:0,(anonymous_0)
FNDA:0,(anonymous_1)
FNDA:0,(anonymous_2)
FNDA:0,(anonymous_3)
FNDA:0,(anonymous_4)
FNDA:0,(anonymous_5)
FNDA:0,(anonymous_6)
FNDA:0,(anonymous_7)
FNDA:0,(anonymous_8)
FNDA:0,(anonymous_9)
FNDA:0,(anonymous_10)
FNDA:0,(anonymous_11)
FNDA:0,(anonymous_12)
DA:35,0
DA:91,0
DA:94,0
DA:95,0
DA:98,0
DA:99,0
DA:102,0
DA:103,0
DA:106,0
DA:108,0
DA:109,0
DA:110,0
DA:112,0
DA:116,0
DA:117,0
DA:118,0
DA:122,0
DA:124,0
DA:125,0
DA:128,0
DA:129,0
DA:137,0
DA:140,0
DA:141,0
DA:176,0
DA:177,0
DA:178,0
DA:180,0
DA:187,0
DA:205,0
DA:206,0
DA:232,0
DA:233,0
DA:234,0
DA:235,0
DA:236,0
DA:238,0
DA:242,0
DA:252,0
DA:308,0
LF:40
LH:0
BRDA:98,0,0,0
BRDA:98,0,1,0
BRDA:99,1,0,0
BRDA:99,1,1,0
BRDA:109,2,0,0
BRDA:109,2,1,0
BRDA:117,3,0,0
BRDA:117,3,1,0
BRDA:137,4,0,0
BRDA:137,4,1,0
BRDA:147,5,0,0
BRDA:147,5,1,0
BRDA:161,6,0,0
BRDA:161,6,1,0
BRDA:233,7,0,0
BRDA:233,7,1,0
BRDA:235,8,0,0
BRDA:235,8,1,0
BRDA:256,9,0,0
BRDA:256,9,1,0
BRDA:257,10,0,0
BRDA:257,10,1,0
BRDA:270,11,0,0
BRDA:270,11,1,0
BRDA:285,12,0,0
BRDA:285,12,1,0
BRDA:288,13,0,0
BRDA:288,13,1,0
BRDA:293,14,0,0
BRDA:293,14,1,0
BRF:30
BRH:0
end_of_record
TN:
SF:src/features/auth/screens/SignInScreen.tsx
FN:54,(anonymous_0)
FN:77,(anonymous_1)
FN:138,(anonymous_2)
FN:179,(anonymous_3)
FN:207,(anonymous_4)
FN:224,(anonymous_5)
FN:281,(anonymous_6)
FNF:7
FNH:0
FNDA:0,(anonymous_0)
FNDA:0,(anonymous_1)
FNDA:0,(anonymous_2)
FNDA:0,(anonymous_3)
FNDA:0,(anonymous_4)
FNDA:0,(anonymous_5)
FNDA:0,(anonymous_6)
DA:34,0
DA:54,0
DA:59,0
DA:60,0
DA:61,0
DA:68,0
DA:77,0
DA:78,0
DA:79,0
DA:81,0
DA:82,0
DA:93,0
DA:95,0
DA:98,0
DA:105,0
DA:106,0
DA:109,0
DA:110,0
DA:115,0
DA:116,0
DA:125,0
DA:126,0
DA:128,0
DA:134,0
DA:138,0
DA:139,0
DA:140,0
DA:141,0
DA:142,0
DA:144,0
DA:150,0
DA:155,0
DA:180,0
DA:208,0
DA:224,0
DA:281,0
DA:291,0
LF:37
LH:0
BRDA:57,0,0,0
BRDA:93,1,0,0
BRDA:93,1,1,0
BRDA:93,2,0,0
BRDA:93,2,1,0
BRDA:105,3,0,0
BRDA:105,3,1,0
BRDA:105,3,2,0
BRDA:109,4,0,0
BRDA:109,4,1,0
BRDA:115,5,0,0
BRDA:115,5,1,0
BRDA:125,6,0,0
BRDA:125,6,1,0
BRDA:139,7,0,0
BRDA:139,7,1,0
BRDA:158,8,0,0
BRDA:158,8,1,0
BRDA:197,9,0,0
BRDA:197,9,1,0
BRDA:223,10,0,0
BRDA:223,10,1,0
BRDA:230,11,0,0
BRDA:230,11,1,0
BRDA:240,12,0,0
BRDA:240,12,1,0
BRDA:245,13,0,0
BRDA:245,13,1,0
BRDA:249,14,0,0
BRDA:249,14,1,0
BRF:30
BRH:0
end_of_record
TN:
SF:src/features/auth/screens/index.ts
FNF:0
FNH:0
LF:0
LH:0
BRF:0
BRH:0
end_of_record
TN:
SF:src/features/checkin/screens/CheckInScreen.tsx
FN:47,(anonymous_0)
FN:58,(anonymous_1)
FN:61,(anonymous_2)
FN:63,(anonymous_3)
FN:70,(anonymous_4)
FN:73,(anonymous_5)
FN:78,(anonymous_6)
FN:104,(anonymous_7)
FN:112,(anonymous_8)
FN:117,(anonymous_9)
FN:129,(anonymous_10)
FN:162,(anonymous_11)
FN:166,(anonymous_12)
FN:167,(anonymous_13)
FN:170,(anonymous_14)
FN:171,(anonymous_15)
FN:174,(anonymous_16)
FN:176,(anonymous_17)
FN:179,(anonymous_18)
FN:188,(anonymous_19)
FN:193,(anonymous_20)
FN:223,(anonymous_21)
FN:319,(anonymous_22)
FN:328,(anonymous_23)
FN:352,(anonymous_24)
FNF:25
FNH:0
FNDA:0,(anonymous_0)
FNDA:0,(anonymous_1)
FNDA:0,(anonymous_2)
FNDA:0,(anonymous_3)
FNDA:0,(anonymous_4)
FNDA:0,(anonymous_5)
FNDA:0,(anonymous_6)
FNDA:0,(anonymous_7)
FNDA:0,(anonymous_8)
FNDA:0,(anonymous_9)
FNDA:0,(anonymous_10)
FNDA:0,(anonymous_11)
FNDA:0,(anonymous_12)
FNDA:0,(anonymous_13)
FNDA:0,(anonymous_14)
FNDA:0,(anonymous_15)
FNDA:0,(anonymous_16)
FNDA:0,(anonymous_17)
FNDA:0,(anonymous_18)
FNDA:0,(anonymous_19)
FNDA:0,(anonymous_20)
FNDA:0,(anonymous_21)
FNDA:0,(anonymous_22)
FNDA:0,(anonymous_23)
FNDA:0,(anonymous_24)
DA:47,0
DA:48,0
DA:49,0
DA:54,0
DA:55,0
DA:58,0
DA:59,0
DA:62,0
DA:63,0
DA:64,0
DA:66,0
DA:70,0
DA:73,0
DA:74,0
DA:75,0
DA:78,0
DA:79,0
DA:80,0
DA:81,0
DA:84,0
DA:87,0
DA:88,0
DA:90,0
DA:91,0
DA:92,0
DA:95,0
DA:96,0
DA:97,0
DA:101,0
DA:104,0
DA:109,0
DA:112,0
DA:117,0
DA:119,0
DA:120,0
DA:127,0
DA:129,0
DA:139,0
DA:143,0
DA:147,0
DA:149,0
DA:156,0
DA:159,0
DA:160,0
DA:162,0
DA:166,0
DA:167,0
DA:170,0
DA:171,0
DA:174,0
DA:175,0
DA:176,0
DA:179,0
DA:180,0
DA:188,0
DA:191,0
DA:193,0
DA:194,0
DA:224,0
DA:319,0
DA:320,0
DA:328,0
DA:329,0
DA:344,0
DA:352,0
DA:362,0
LF:66
LH:0
BRDA:62,0,0,0
BRDA:62,0,1,0
BRDA:79,1,0,0
BRDA:79,1,1,0
BRDA:79,2,0,0
BRDA:79,2,1,0
BRDA:80,3,0,0
BRDA:80,3,1,0
BRDA:90,4,0,0
BRDA:90,4,1,0
BRDA:95,5,0,0
BRDA:95,5,1,0
BRDA:127,6,0,0
BRDA:127,6,1,0
BRDA:127,7,0,0
BRDA:127,7,1,0
BRDA:139,8,0,0
BRDA:139,8,1,0
BRDA:144,9,0,0
BRDA:144,9,1,0
BRDA:147,10,0,0
BRDA:147,10,1,0
BRDA:156,11,0,0
BRDA:156,11,1,0
BRDA:175,12,0,0
BRDA:175,12,1,0
BRDA:204,13,0,0
BRDA:204,13,1,0
BRDA:206,14,0,0
BRDA:206,14,1,0
BRDA:217,15,0,0
BRDA:217,15,1,0
BRDA:245,16,0,0
BRDA:245,16,1,0
BRDA:346,17,0,0
BRDA:346,17,1,0
BRDA:347,18,0,0
BRDA:347,18,1,0
BRDA:348,19,0,0
BRDA:348,19,1,0
BRF:40
BRH:0
end_of_record
TN:
SF:src/features/dashboard/screens/DashboardScreen.instrumented.tsx
FN:107,(anonymous_0)
FN:111,(anonymous_1)
FN:114,(anonymous_2)
FN:115,(anonymous_3)
FN:120,(anonymous_4)
FN:144,(anonymous_5)
FN:159,(anonymous_6)
FN:171,(anonymous_7)
FN:205,(anonymous_8)
FN:231,(anonymous_9)
FN:232,(anonymous_10)
FN:256,(anonymous_11)
FN:260,(anonymous_12)
FN:265,(anonymous_13)
FN:270,(anonymous_14)
FN:275,(anonymous_15)
FN:280,(anonymous_16)
FN:293,(anonymous_17)
FN:305,(anonymous_18)
FN:332,(anonymous_19)
FN:404,(anonymous_20)
FN:408,(anonymous_21)
FNF:22
FNH:0
FNDA:0,(anonymous_0)
FNDA:0,(anonymous_1)
FNDA:0,(anonymous_2)
FNDA:0,(anonymous_3)
FNDA:0,(anonymous_4)
FNDA:0,(anonymous_5)
FNDA:0,(anonymous_6)
FNDA:0,(anonymous_7)
FNDA:0,(anonymous_8)
FNDA:0,(anonymous_9)
FNDA:0,(anonymous_10)
FNDA:0,(anonymous_11)
FNDA:0,(anonymous_12)
FNDA:0,(anonymous_13)
FNDA:0,(anonymous_14)
FNDA:0,(anonymous_15)
FNDA:0,(anonymous_16)
FNDA:0,(anonymous_17)
FNDA:0,(anonymous_18)
FNDA:0,(anonymous_19)
FNDA:0,(anonymous_20)
FNDA:0,(anonymous_21)
DA:38,0
DA:107,0
DA:108,0
DA:109,0
DA:110,0
DA:111,0
DA:114,0
DA:115,0
DA:119,0
DA:121,0
DA:124,0
DA:132,0
DA:133,0
DA:144,0
DA:146,0
DA:147,0
DA:159,0
DA:160,0
DA:161,0
DA:171,0
DA:172,0
DA:173,0
DA:175,0
DA:176,0
DA:177,0
DA:180,0
DA:188,0
DA:191,0
DA:201,0
DA:205,0
DA:206,0
DA:207,0
DA:209,0
DA:210,0
DA:213,0
DA:221,0
DA:231,0
DA:232,0
DA:235,0
DA:244,0
DA:251,0
DA:256,0
DA:257,0
DA:260,0
DA:262,0
DA:265,0
DA:267,0
DA:270,0
DA:272,0
DA:275,0
DA:277,0
DA:280,0
DA:281,0
DA:290,0
DA:293,0
DA:294,0
DA:302,0
DA:305,0
DA:306,0
DA:307,0
DA:308,0
DA:309,0
DA:312,0
DA:333,0
DA:405,0
DA:408,0
DA:494,0
LF:67
LH:0
BRDA:125,0,0,0
BRDA:125,0,1,0
BRDA:127,1,0,0
BRDA:127,1,1,0
BRDA:132,2,0,0
BRDA:132,2,1,0
BRDA:135,3,0,0
BRDA:135,3,1,0
BRDA:136,4,0,0
BRDA:136,4,1,0
BRDA:139,5,0,0
BRDA:139,5,1,0
BRDA:160,6,0,0
BRDA:160,6,1,0
BRDA:176,7,0,0
BRDA:176,7,1,0
BRDA:184,8,0,0
BRDA:184,8,1,0
BRDA:194,9,0,0
BRDA:194,9,1,0
BRDA:206,10,0,0
BRDA:206,10,1,0
BRDA:206,11,0,0
BRDA:206,11,1,0
BRDA:246,12,0,0
BRDA:246,12,1,0
BRDA:247,13,0,0
BRDA:247,13,1,0
BRDA:277,14,0,0
BRDA:277,14,1,0
BRDA:290,15,0,0
BRDA:290,15,1,0
BRDA:302,16,0,0
BRDA:302,16,1,0
BRDA:307,17,0,0
BRDA:307,17,1,0
BRDA:308,18,0,0
BRDA:308,18,1,0
BRDA:327,19,0,0
BRDA:327,19,1,0
BRDA:330,20,0,0
BRDA:330,20,1,0
BRDA:330,20,2,0
BRDA:345,21,0,0
BRDA:345,21,1,0
BRDA:366,22,0,0
BRDA:366,22,1,0
BRDA:372,23,0,0
BRDA:372,23,1,0
BRDA:378,24,0,0
BRDA:378,24,1,0
BRDA:379,25,0,0
BRDA:379,25,1,0
BRDA:383,26,0,0
BRDA:383,26,1,0
BRDA:392,27,0,0
BRDA:392,27,1,0
BRDA:417,28,0,0
BRDA:417,28,1,0
BRDA:420,29,0,0
BRDA:420,29,1,0
BRDA:448,30,0,0
BRDA:448,30,1,0
BRF:63
BRH:0
end_of_record
TN:
SF:src/features/dashboard/screens/DashboardScreen.tsx
FN:105,(anonymous_0)
FN:111,(anonymous_1)
FN:112,(anonymous_2)
FN:115,(anonymous_3)
FN:128,(anonymous_4)
FN:134,(anonymous_5)
FN:139,(anonymous_6)
FN:151,(anonymous_7)
FN:178,(anonymous_8)
FN:250,(anonymous_9)
FN:254,(anonymous_10)
FNF:11
FNH:0
FNDA:0,(anonymous_0)
FNDA:0,(anonymous_1)
FNDA:0,(anonymous_2)
FNDA:0,(anonymous_3)
FNDA:0,(anonymous_4)
FNDA:0,(anonymous_5)
FNDA:0,(anonymous_6)
FNDA:0,(anonymous_7)
FNDA:0,(anonymous_8)
FNDA:0,(anonymous_9)
FNDA:0,(anonymous_10)
DA:36,0
DA:105,0
DA:106,0
DA:107,0
DA:108,0
DA:111,0
DA:112,0
DA:115,0
DA:116,0
DA:117,0
DA:118,0
DA:119,0
DA:122,0
DA:124,0
DA:128,0
DA:129,0
DA:130,0
DA:134,0
DA:135,0
DA:139,0
DA:140,0
DA:148,0
DA:151,0
DA:152,0
DA:153,0
DA:154,0
DA:155,0
DA:158,0
DA:179,0
DA:251,0
DA:254,0
DA:327,0
LF:32
LH:0
BRDA:118,0,0,0
BRDA:118,0,1,0
BRDA:129,1,0,0
BRDA:129,1,1,0
BRDA:129,2,0,0
BRDA:129,2,1,0
BRDA:148,3,0,0
BRDA:148,3,1,0
BRDA:153,4,0,0
BRDA:153,4,1,0
BRDA:154,5,0,0
BRDA:154,5,1,0
BRDA:173,6,0,0
BRDA:173,6,1,0
BRDA:176,7,0,0
BRDA:176,7,1,0
BRDA:176,7,2,0
BRDA:191,8,0,0
BRDA:191,8,1,0
BRDA:212,9,0,0
BRDA:212,9,1,0
BRDA:218,10,0,0
BRDA:218,10,1,0
BRDA:224,11,0,0
BRDA:224,11,1,0
BRDA:225,12,0,0
BRDA:225,12,1,0
BRDA:229,13,0,0
BRDA:229,13,1,0
BRDA:238,14,0,0
BRDA:238,14,1,0
BRDA:263,15,0,0
BRDA:263,15,1,0
BRDA:266,16,0,0
BRDA:266,16,1,0
BRDA:294,17,0,0
BRDA:294,17,1,0
BRF:37
BRH:0
end_of_record
TN:
SF:src/features/dashboard/screens/MoreScreen.tsx
FN:24,(anonymous_0)
FN:29,(anonymous_1)
FN:33,(anonymous_2)
FN:78,(anonymous_3)
FN:79,(anonymous_4)
FN:85,(anonymous_5)
FN:86,(anonymous_6)
FN:92,(anonymous_7)
FN:93,(anonymous_8)
FN:99,(anonymous_9)
FN:100,(anonymous_10)
FN:117,(anonymous_11)
FN:118,(anonymous_12)
FN:130,(anonymous_13)
FN:131,(anonymous_14)
FN:137,(anonymous_15)
FN:138,(anonymous_16)
FN:151,(anonymous_17)
FN:152,(anonymous_18)
FN:158,(anonymous_19)
FN:159,(anonymous_20)
FN:165,(anonymous_21)
FN:166,(anonymous_22)
FNF:23
FNH:0
FNDA:0,(anonymous_0)
FNDA:0,(anonymous_1)
FNDA:0,(anonymous_2)
FNDA:0,(anonymous_3)
FNDA:0,(anonymous_4)
FNDA:0,(anonymous_5)
FNDA:0,(anonymous_6)
FNDA:0,(anonymous_7)
FNDA:0,(anonymous_8)
FNDA:0,(anonymous_9)
FNDA:0,(anonymous_10)
FNDA:0,(anonymous_11)
FNDA:0,(anonymous_12)
FNDA:0,(anonymous_13)
FNDA:0,(anonymous_14)
FNDA:0,(anonymous_15)
FNDA:0,(anonymous_16)
FNDA:0,(anonymous_17)
FNDA:0,(anonymous_18)
FNDA:0,(anonymous_19)
FNDA:0,(anonymous_20)
FNDA:0,(anonymous_21)
FNDA:0,(anonymous_22)
DA:24,0
DA:25,0
DA:26,0
DA:27,0
DA:29,0
DA:30,0
DA:33,0
DA:36,0
DA:39,0
DA:78,0
DA:79,0
DA:85,0
DA:86,0
DA:92,0
DA:93,0
DA:99,0
DA:100,0
DA:117,0
DA:119,0
DA:130,0
DA:131,0
DA:137,0
DA:138,0
DA:151,0
DA:152,0
DA:158,0
DA:159,0
DA:165,0
DA:166,0
DA:192,0
LF:30
LH:0
BRDA:113,0,0,0
BRDA:113,0,1,0
BRF:2
BRH:0
end_of_record
TN:
SF:src/features/directory/screens/DirectoryScreen.tsx
FN:39,(anonymous_0)
FN:48,(anonymous_1)
FN:54,(anonymous_2)
FN:65,(anonymous_3)
FN:68,(anonymous_4)
FN:74,(anonymous_5)
FN:75,(anonymous_6)
FN:84,(anonymous_7)
FN:93,(anonymous_8)
FN:94,(anonymous_9)
FN:98,(anonymous_10)
FN:103,(anonymous_11)
FN:110,(anonymous_12)
FN:111,(anonymous_13)
FN:121,(anonymous_14)
FN:146,(anonymous_15)
FN:163,(anonymous_16)
FN:186,(anonymous_17)
FN:197,(anonymous_18)
FN:264,(anonymous_19)
FN:282,(anonymous_20)
FN:287,(anonymous_21)
FN:292,(anonymous_22)
FN:318,(anonymous_23)
FN:321,(anonymous_24)
FNF:25
FNH:0
FNDA:0,(anonymous_0)
FNDA:0,(anonymous_1)
FNDA:0,(anonymous_2)
FNDA:0,(anonymous_3)
FNDA:0,(anonymous_4)
FNDA:0,(anonymous_5)
FNDA:0,(anonymous_6)
FNDA:0,(anonymous_7)
FNDA:0,(anonymous_8)
FNDA:0,(anonymous_9)
FNDA:0,(anonymous_10)
FNDA:0,(anonymous_11)
FNDA:0,(anonymous_12)
FNDA:0,(anonymous_13)
FNDA:0,(anonymous_14)
FNDA:0,(anonymous_15)
FNDA:0,(anonymous_16)
FNDA:0,(anonymous_17)
FNDA:0,(anonymous_18)
FNDA:0,(anonymous_19)
FNDA:0,(anonymous_20)
FNDA:0,(anonymous_21)
FNDA:0,(anonymous_22)
FNDA:0,(anonymous_23)
FNDA:0,(anonymous_24)
DA:39,0
DA:40,0
DA:41,0
DA:42,0
DA:43,0
DA:44,0
DA:45,0
DA:48,0
DA:49,0
DA:50,0
DA:54,0
DA:55,0
DA:58,0
DA:59,0
DA:63,0
DA:65,0
DA:66,0
DA:68,0
DA:69,0
DA:71,0
DA:73,0
DA:74,0
DA:75,0
DA:76,0
DA:80,0
DA:84,0
DA:85,0
DA:86,0
DA:88,0
DA:93,0
DA:94,0
DA:95,0
DA:98,0
DA:99,0
DA:103,0
DA:104,0
DA:105,0
DA:106,0
DA:110,0
DA:111,0
DA:122,0
DA:147,0
DA:164,0
DA:186,0
DA:192,0
DA:197,0
DA:207,0
DA:208,0
DA:220,0
DA:265,0
DA:282,0
DA:288,0
DA:292,0
DA:318,0
DA:321,0
DA:329,0
LF:56
LH:0
BRDA:49,0,0,0
BRDA:49,0,1,0
BRDA:58,1,0,0
BRDA:58,1,1,0
BRDA:63,2,0,0
BRDA:63,2,1,0
BRDA:63,2,2,0
BRDA:73,3,0,0
BRDA:73,3,1,0
BRDA:85,4,0,0
BRDA:85,4,1,0
BRDA:86,5,0,0
BRDA:86,5,1,0
BRDA:105,6,0,0
BRDA:105,6,1,0
BRDA:119,7,0,0
BRDA:119,7,1,0
BRDA:132,8,0,0
BRDA:132,8,1,0
BRDA:140,9,0,0
BRDA:140,9,1,0
BRDA:148,10,0,0
BRDA:148,10,1,0
BRDA:160,11,0,0
BRDA:160,11,1,0
BRDA:194,12,0,0
BRDA:194,12,1,0
BRDA:200,13,0,0
BRDA:200,13,1,0
BRDA:203,14,0,0
BRDA:203,14,1,0
BRDA:207,15,0,0
BRDA:207,15,1,0
BRDA:272,16,0,0
BRDA:272,16,1,0
BRDA:280,17,0,0
BRDA:280,17,1,0
BRDA:290,18,0,0
BRDA:290,18,1,0
BRDA:302,19,0,0
BRDA:302,19,1,0
BRDA:307,20,0,0
BRDA:307,20,1,0
BRDA:309,21,0,0
BRDA:309,21,1,0
BRF:45
BRH:0
end_of_record
TN:
SF:src/features/events/navigation/EventsStack.tsx
FN:20,(anonymous_0)
FNF:1
FNH:0
FNDA:0,(anonymous_0)
DA:18,0
DA:20,0
DA:21,0
LF:3
LH:0
BRF:0
BRH:0
end_of_record
TN:
SF:src/features/events/screens/EventDetailScreen.tsx
FN:39,(anonymous_0)
FN:55,(anonymous_1)
FN:58,(anonymous_2)
FN:66,(anonymous_3)
FN:69,(anonymous_4)
FN:81,(anonymous_5)
FN:90,(anonymous_6)
FN:103,(anonymous_7)
FN:119,(anonymous_8)
FN:130,(anonymous_9)
FN:140,(anonymous_10)
FN:148,(anonymous_11)
FN:179,(anonymous_12)
FN:184,(anonymous_13)
FN:215,(anonymous_14)
FN:349,(anonymous_15)
FN:382,(anonymous_16)
FN:392,(anonymous_17)
FN:411,(anonymous_18)
FNF:19
FNH:0
FNDA:0,(anonymous_0)
FNDA:0,(anonymous_1)
FNDA:0,(anonymous_2)
FNDA:0,(anonymous_3)
FNDA:0,(anonymous_4)
FNDA:0,(anonymous_5)
FNDA:0,(anonymous_6)
FNDA:0,(anonymous_7)
FNDA:0,(anonymous_8)
FNDA:0,(anonymous_9)
FNDA:0,(anonymous_10)
FNDA:0,(anonymous_11)
FNDA:0,(anonymous_12)
FNDA:0,(anonymous_13)
FNDA:0,(anonymous_14)
FNDA:0,(anonymous_15)
FNDA:0,(anonymous_16)
FNDA:0,(anonymous_17)
FNDA:0,(anonymous_18)
DA:35,0
DA:39,0
DA:40,0
DA:41,0
DA:42,0
DA:43,0
DA:44,0
DA:45,0
DA:53,0
DA:55,0
DA:59,0
DA:60,0
DA:65,0
DA:67,0
DA:70,0
DA:74,0
DA:75,0
DA:78,0
DA:79,0
DA:82,0
DA:83,0
DA:86,0
DA:90,0
DA:91,0
DA:94,0
DA:95,0
DA:103,0
DA:107,0
DA:111,0
DA:112,0
DA:119,0
DA:123,0
DA:127,0
DA:130,0
DA:131,0
DA:132,0
DA:140,0
DA:141,0
DA:142,0
DA:148,0
DA:149,0
DA:151,0
DA:152,0
DA:158,0
DA:159,0
DA:165,0
DA:166,0
DA:172,0
DA:179,0
DA:180,0
DA:181,0
DA:184,0
DA:185,0
DA:186,0
DA:189,0
DA:190,0
DA:202,0
DA:203,0
DA:215,0
DA:226,0
DA:350,0
DA:382,0
DA:392,0
DA:411,0
DA:420,0
LF:65
LH:0
BRDA:59,0,0,0
BRDA:59,0,1,0
BRDA:70,1,0,0
BRDA:70,1,1,0
BRDA:71,2,0,0
BRDA:71,2,1,0
BRDA:72,3,0,0
BRDA:72,3,1,0
BRDA:84,4,0,0
BRDA:84,4,1,0
BRDA:91,5,0,0
BRDA:91,5,1,0
BRDA:94,6,0,0
BRDA:94,6,1,0
BRDA:111,7,0,0
BRDA:111,7,1,0
BRDA:111,8,0,0
BRDA:111,8,1,0
BRDA:149,9,0,0
BRDA:149,9,1,0
BRDA:151,10,0,0
BRDA:151,10,1,0
BRDA:158,11,0,0
BRDA:158,11,1,0
BRDA:165,12,0,0
BRDA:165,12,1,0
BRDA:180,13,0,0
BRDA:180,13,1,0
BRDA:185,14,0,0
BRDA:185,14,1,0
BRDA:189,15,0,0
BRDA:189,15,1,0
BRDA:202,16,0,0
BRDA:202,16,1,0
BRDA:202,17,0,0
BRDA:202,17,1,0
BRDA:233,18,0,0
BRDA:233,18,1,0
BRDA:327,19,0,0
BRDA:327,19,1,0
BRDA:342,20,0,0
BRDA:342,20,1,0
BRDA:360,21,0,0
BRDA:360,21,1,0
BRDA:379,22,0,0
BRDA:379,22,1,0
BRDA:389,23,0,0
BRDA:389,23,1,0
BRDA:397,24,0,0
BRDA:397,24,1,0
BRDA:401,25,0,0
BRDA:401,25,1,0
BRF:52
BRH:0
end_of_record
TN:
SF:src/features/events/screens/EventsScreen.instrumented.tsx
FN:42,(anonymous_0)
FN:48,(anonymous_1)
FN:59,(anonymous_2)
FN:64,(anonymous_3)
FN:72,(anonymous_4)
FN:78,(anonymous_5)
FN:80,(anonymous_6)
FN:82,(anonymous_7)
FN:86,(anonymous_8)
FN:101,(anonymous_9)
FN:124,(anonymous_10)
FN:138,(anonymous_11)
FN:197,(anonymous_12)
FN:198,(anonymous_13)
FN:238,(anonymous_14)
FN:253,(anonymous_15)
FN:257,(anonymous_16)
FN:262,(anonymous_17)
FN:267,(anonymous_18)
FN:270,(anonymous_19)
FN:280,(anonymous_20)
FN:303,(anonymous_21)
FN:328,(anonymous_22)
FN:387,(anonymous_23)
FN:443,(anonymous_24)
FN:447,(anonymous_25)
FN:499,(anonymous_26)
FN:519,(anonymous_27)
FNF:28
FNH:0
FNDA:0,(anonymous_0)
FNDA:0,(anonymous_1)
FNDA:0,(anonymous_2)
FNDA:0,(anonymous_3)
FNDA:0,(anonymous_4)
FNDA:0,(anonymous_5)
FNDA:0,(anonymous_6)
FNDA:0,(anonymous_7)
FNDA:0,(anonymous_8)
FNDA:0,(anonymous_9)
FNDA:0,(anonymous_10)
FNDA:0,(anonymous_11)
FNDA:0,(anonymous_12)
FNDA:0,(anonymous_13)
FNDA:0,(anonymous_14)
FNDA:0,(anonymous_15)
FNDA:0,(anonymous_16)
FNDA:0,(anonymous_17)
FNDA:0,(anonymous_18)
FNDA:0,(anonymous_19)
FNDA:0,(anonymous_20)
FNDA:0,(anonymous_21)
FNDA:0,(anonymous_22)
FNDA:0,(anonymous_23)
FNDA:0,(anonymous_24)
FNDA:0,(anonymous_25)
FNDA:0,(anonymous_26)
FNDA:0,(anonymous_27)
DA:35,0
DA:42,0
DA:43,0
DA:44,0
DA:45,0
DA:46,0
DA:47,0
DA:48,0
DA:49,0
DA:57,0
DA:59,0
DA:65,0
DA:66,0
DA:71,0
DA:73,0
DA:76,0
DA:78,0
DA:80,0
DA:82,0
DA:86,0
DA:88,0
DA:89,0
DA:101,0
DA:102,0
DA:103,0
DA:105,0
DA:113,0
DA:124,0
DA:125,0
DA:126,0
DA:138,0
DA:139,0
DA:140,0
DA:141,0
DA:144,0
DA:152,0
DA:155,0
DA:156,0
DA:158,0
DA:159,0
DA:160,0
DA:163,0
DA:170,0
DA:178,0
DA:179,0
DA:180,0
DA:183,0
DA:193,0
DA:197,0
DA:198,0
DA:200,0
DA:202,0
DA:213,0
DA:214,0
DA:215,0
DA:226,0
DA:235,0
DA:238,0
DA:240,0
DA:249,0
DA:253,0
DA:254,0
DA:257,0
DA:259,0
DA:262,0
DA:263,0
DA:266,0
DA:267,0
DA:269,0
DA:270,0
DA:273,0
DA:274,0
DA:275,0
DA:277,0
DA:280,0
DA:284,0
DA:288,0
DA:289,0
DA:293,0
DA:294,0
DA:295,0
DA:296,0
DA:297,0
DA:298,0
DA:299,0
DA:300,0
DA:303,0
DA:304,0
DA:305,0
DA:311,0
DA:312,0
DA:318,0
DA:319,0
DA:325,0
DA:328,0
DA:329,0
DA:330,0
DA:331,0
DA:335,0
DA:336,0
DA:337,0
DA:339,0
DA:346,0
DA:347,0
DA:359,0
DA:360,0
DA:385,0
DA:387,0
DA:388,0
DA:397,0
DA:415,0
DA:444,0
DA:447,0
DA:500,0
DA:519,0
DA:528,0
LF:116
LH:0
BRDA:53,0,0,0
BRDA:65,1,0,0
BRDA:65,1,1,0
BRDA:102,2,0,0
BRDA:102,2,1,0
BRDA:102,3,0,0
BRDA:102,3,1,0
BRDA:109,4,0,0
BRDA:109,4,1,0
BRDA:125,5,0,0
BRDA:125,5,1,0
BRDA:129,6,0,0
BRDA:129,6,1,0
BRDA:139,7,0,0
BRDA:139,7,1,0
BRDA:186,8,0,0
BRDA:186,8,1,0
BRDA:200,9,0,0
BRDA:200,9,1,0
BRDA:213,10,0,0
BRDA:213,10,1,0
BRDA:273,11,0,0
BRDA:273,11,1,0
BRDA:274,12,0,0
BRDA:274,12,1,0
BRDA:275,13,0,0
BRDA:275,13,1,0
BRDA:284,14,0,0
BRDA:284,14,1,0
BRDA:285,15,0,0
BRDA:285,15,1,0
BRDA:289,16,0,0
BRDA:289,16,1,0
BRDA:290,17,0,0
BRDA:290,17,1,0
BRDA:294,18,0,0
BRDA:294,18,1,0
BRDA:294,19,0,0
BRDA:294,19,1,0
BRDA:296,20,0,0
BRDA:296,20,1,0
BRDA:296,21,0,0
BRDA:296,21,1,0
BRDA:298,22,0,0
BRDA:298,22,1,0
BRDA:298,23,0,0
BRDA:298,23,1,0
BRDA:304,24,0,0
BRDA:304,24,1,0
BRDA:311,25,0,0
BRDA:311,25,1,0
BRDA:318,26,0,0
BRDA:318,26,1,0
BRDA:335,27,0,0
BRDA:335,27,1,0
BRDA:336,28,0,0
BRDA:336,28,1,0
BRDA:337,29,0,0
BRDA:337,29,1,0
BRDA:342,30,0,0
BRDA:342,30,1,0
BRDA:346,31,0,0
BRDA:346,31,1,0
BRDA:359,32,0,0
BRDA:359,32,1,0
BRDA:368,33,0,0
BRDA:368,33,1,0
BRDA:385,34,0,0
BRDA:385,34,1,0
BRDA:404,35,0,0
BRDA:404,35,1,0
BRDA:430,36,0,0
BRDA:430,36,1,0
BRDA:490,37,0,0
BRDA:490,37,1,0
BRF:75
BRH:0
end_of_record
TN:
SF:src/features/events/screens/EventsScreen.tsx
FN:40,(anonymous_0)
FN:55,(anonymous_1)
FN:60,(anonymous_2)
FN:66,(anonymous_3)
FN:86,(anonymous_4)
FN:90,(anonymous_5)
FN:115,(anonymous_6)
FN:161,(anonymous_7)
FN:219,(anonymous_8)
FN:223,(anonymous_9)
FN:275,(anonymous_10)
FN:295,(anonymous_11)
FNF:12
FNH:0
FNDA:0,(anonymous_0)
FNDA:0,(anonymous_1)
FNDA:0,(anonymous_2)
FNDA:0,(anonymous_3)
FNDA:0,(anonymous_4)
FNDA:0,(anonymous_5)
FNDA:0,(anonymous_6)
FNDA:0,(anonymous_7)
FNDA:0,(anonymous_8)
FNDA:0,(anonymous_9)
FNDA:0,(anonymous_10)
FNDA:0,(anonymous_11)
DA:33,0
DA:40,0
DA:41,0
DA:42,0
DA:43,0
DA:44,0
DA:45,0
DA:53,0
DA:55,0
DA:61,0
DA:62,0
DA:66,0
DA:67,0
DA:68,0
DA:69,0
DA:70,0
DA:73,0
DA:74,0
DA:75,0
DA:76,0
DA:78,0
DA:79,0
DA:80,0
DA:82,0
DA:86,0
DA:87,0
DA:90,0
DA:91,0
DA:92,0
DA:98,0
DA:99,0
DA:105,0
DA:106,0
DA:112,0
DA:115,0
DA:116,0
DA:117,0
DA:118,0
DA:122,0
DA:123,0
DA:124,0
DA:126,0
DA:133,0
DA:134,0
DA:146,0
DA:147,0
DA:161,0
DA:172,0
DA:173,0
DA:191,0
DA:220,0
DA:223,0
DA:276,0
DA:295,0
DA:304,0
LF:55
LH:0
BRDA:49,0,0,0
BRDA:61,1,0,0
BRDA:61,1,1,0
BRDA:67,2,0,0
BRDA:67,2,1,0
BRDA:91,3,0,0
BRDA:91,3,1,0
BRDA:98,4,0,0
BRDA:98,4,1,0
BRDA:105,5,0,0
BRDA:105,5,1,0
BRDA:122,6,0,0
BRDA:122,6,1,0
BRDA:123,7,0,0
BRDA:123,7,1,0
BRDA:124,8,0,0
BRDA:124,8,1,0
BRDA:129,9,0,0
BRDA:129,9,1,0
BRDA:133,10,0,0
BRDA:133,10,1,0
BRDA:146,11,0,0
BRDA:146,11,1,0
BRDA:155,12,0,0
BRDA:155,12,1,0
BRDA:172,13,0,0
BRDA:172,13,1,0
BRDA:180,14,0,0
BRDA:180,14,1,0
BRDA:206,15,0,0
BRDA:206,15,1,0
BRDA:266,16,0,0
BRDA:266,16,1,0
BRF:33
BRH:0
end_of_record
TN:
SF:src/features/groups/screens/GroupsScreen.tsx
FN:50,(anonymous_0)
FN:61,(anonymous_1)
FN:66,(anonymous_2)
FN:76,(anonymous_3)
FN:91,(anonymous_4)
FN:95,(anonymous_5)
FN:102,(anonymous_6)
FN:121,(anonymous_7)
FN:126,(anonymous_8)
FN:139,(anonymous_9)
FN:146,(anonymous_10)
FN:152,(anonymous_11)
FN:217,(anonymous_12)
FN:226,(anonymous_13)
FN:249,(anonymous_14)
FN:261,(anonymous_15)
FN:283,(anonymous_16)
FN:292,(anonymous_17)
FN:366,(anonymous_18)
FN:381,(anonymous_19)
FN:386,(anonymous_20)
FN:415,(anonymous_21)
FN:426,(anonymous_22)
FN:429,(anonymous_23)
FNF:24
FNH:0
FNDA:0,(anonymous_0)
FNDA:0,(anonymous_1)
FNDA:0,(anonymous_2)
FNDA:0,(anonymous_3)
FNDA:0,(anonymous_4)
FNDA:0,(anonymous_5)
FNDA:0,(anonymous_6)
FNDA:0,(anonymous_7)
FNDA:0,(anonymous_8)
FNDA:0,(anonymous_9)
FNDA:0,(anonymous_10)
FNDA:0,(anonymous_11)
FNDA:0,(anonymous_12)
FNDA:0,(anonymous_13)
FNDA:0,(anonymous_14)
FNDA:0,(anonymous_15)
FNDA:0,(anonymous_16)
FNDA:0,(anonymous_17)
FNDA:0,(anonymous_18)
FNDA:0,(anonymous_19)
FNDA:0,(anonymous_20)
FNDA:0,(anonymous_21)
FNDA:0,(anonymous_22)
FNDA:0,(anonymous_23)
DA:50,0
DA:51,0
DA:52,0
DA:53,0
DA:54,0
DA:55,0
DA:58,0
DA:61,0
DA:62,0
DA:63,0
DA:66,0
DA:67,0
DA:70,0
DA:72,0
DA:73,0
DA:75,0
DA:77,0
DA:80,0
DA:82,0
DA:83,0
DA:85,0
DA:89,0
DA:90,0
DA:92,0
DA:96,0
DA:102,0
DA:103,0
DA:104,0
DA:106,0
DA:107,0
DA:110,0
DA:121,0
DA:122,0
DA:126,0
DA:127,0
DA:129,0
DA:139,0
DA:140,0
DA:141,0
DA:142,0
DA:146,0
DA:147,0
DA:148,0
DA:149,0
DA:151,0
DA:152,0
DA:217,0
DA:227,0
DA:249,0
DA:261,0
DA:283,0
DA:288,0
DA:292,0
DA:302,0
DA:303,0
DA:315,0
DA:366,0
DA:382,0
DA:386,0
DA:415,0
DA:426,0
DA:429,0
DA:437,0
LF:63
LH:0
BRDA:62,0,0,0
BRDA:62,0,1,0
BRDA:70,1,0,0
BRDA:70,1,1,0
BRDA:70,1,2,0
BRDA:72,2,0,0
BRDA:72,2,1,0
BRDA:77,3,0,0
BRDA:77,3,1,0
BRDA:77,4,0,0
BRDA:77,4,1,0
BRDA:78,5,0,0
BRDA:78,5,1,0
BRDA:82,6,0,0
BRDA:82,6,1,0
BRDA:89,7,0,0
BRDA:89,7,1,0
BRDA:92,8,0,0
BRDA:92,8,1,0
BRDA:92,8,2,0
BRDA:92,8,3,0
BRDA:103,9,0,0
BRDA:103,9,1,0
BRDA:104,10,0,0
BRDA:104,10,1,0
BRDA:106,11,0,0
BRDA:106,11,1,0
BRDA:107,12,0,0
BRDA:107,12,1,0
BRDA:127,13,0,0
BRDA:127,13,1,0
BRDA:141,14,0,0
BRDA:141,14,1,0
BRDA:147,15,0,0
BRDA:147,15,1,0
BRDA:148,16,0,0
BRDA:148,16,1,0
BRDA:166,17,0,0
BRDA:166,17,1,0
BRDA:187,18,0,0
BRDA:187,18,1,0
BRDA:224,19,0,0
BRDA:224,19,1,0
BRDA:237,20,0,0
BRDA:237,20,1,0
BRDA:246,21,0,0
BRDA:246,21,1,0
BRDA:254,22,0,0
BRDA:254,22,1,0
BRDA:258,23,0,0
BRDA:258,23,1,0
BRDA:258,24,0,0
BRDA:258,24,1,0
BRDA:268,25,0,0
BRDA:268,25,1,0
BRDA:273,26,0,0
BRDA:273,26,1,0
BRDA:274,27,0,0
BRDA:274,27,1,0
BRDA:290,28,0,0
BRDA:290,28,1,0
BRDA:295,29,0,0
BRDA:295,29,1,0
BRDA:298,30,0,0
BRDA:298,30,1,0
BRDA:302,31,0,0
BRDA:302,31,1,0
BRDA:346,32,0,0
BRDA:346,32,1,0
BRDA:356,33,0,0
BRDA:356,33,1,0
BRDA:364,34,0,0
BRDA:364,34,1,0
BRDA:384,35,0,0
BRDA:384,35,1,0
BRDA:398,36,0,0
BRDA:398,36,1,0
BRDA:403,37,0,0
BRDA:403,37,1,0
BRDA:405,38,0,0
BRDA:405,38,1,0
BRDA:407,39,0,0
BRDA:407,39,1,0
BRDA:412,40,0,0
BRDA:412,40,1,0
BRF:85
BRH:0
end_of_record
TN:
SF:src/features/members/screens/MembersScreen.tsx
FN:29,(anonymous_0)
FN:42,(anonymous_1)
FN:50,(anonymous_2)
FN:55,(anonymous_3)
FN:62,(anonymous_4)
FN:73,(anonymous_5)
FN:78,(anonymous_6)
FN:90,(anonymous_7)
FN:102,(anonymous_8)
FN:105,(anonymous_9)
FN:110,(anonymous_10)
FN:113,(anonymous_11)
FN:164,(anonymous_12)
FN:178,(anonymous_13)
FN:211,(anonymous_14)
FN:255,(anonymous_15)
FN:280,(anonymous_16)
FNF:17
FNH:0
FNDA:0,(anonymous_0)
FNDA:0,(anonymous_1)
FNDA:0,(anonymous_2)
FNDA:0,(anonymous_3)
FNDA:0,(anonymous_4)
FNDA:0,(anonymous_5)
FNDA:0,(anonymous_6)
FNDA:0,(anonymous_7)
FNDA:0,(anonymous_8)
FNDA:0,(anonymous_9)
FNDA:0,(anonymous_10)
FNDA:0,(anonymous_11)
FNDA:0,(anonymous_12)
FNDA:0,(anonymous_13)
FNDA:0,(anonymous_14)
FNDA:0,(anonymous_15)
FNDA:0,(anonymous_16)
DA:29,0
DA:30,0
DA:31,0
DA:32,0
DA:40,0
DA:42,0
DA:50,0
DA:51,0
DA:53,0
DA:54,0
DA:56,0
DA:62,0
DA:63,0
DA:64,0
DA:65,0
DA:67,0
DA:69,0
DA:73,0
DA:75,0
DA:78,0
DA:79,0
DA:87,0
DA:90,0
DA:91,0
DA:99,0
DA:102,0
DA:103,0
DA:105,0
DA:110,0
DA:111,0
DA:113,0
DA:164,0
DA:165,0
DA:178,0
DA:187,0
DA:188,0
DA:200,0
DA:201,0
DA:211,0
DA:221,0
DA:255,0
DA:280,0
DA:290,0
LF:43
LH:0
BRDA:36,0,0,0
BRDA:51,1,0,0
BRDA:51,1,1,0
BRDA:56,2,0,0
BRDA:56,2,1,0
BRDA:56,2,2,0
BRDA:87,3,0,0
BRDA:87,3,1,0
BRDA:99,4,0,0
BRDA:99,4,1,0
BRDA:136,5,0,0
BRDA:136,5,1,0
BRDA:167,6,0,0
BRDA:167,6,1,0
BRDA:169,7,0,0
BRDA:169,7,1,0
BRDA:174,8,0,0
BRDA:174,8,1,0
BRDA:187,9,0,0
BRDA:187,9,1,0
BRDA:200,10,0,0
BRDA:200,10,1,0
BRDA:248,11,0,0
BRDA:248,11,1,0
BRDA:271,12,0,0
BRDA:271,12,1,0
BRDA:271,12,2,0
BRDA:275,13,0,0
BRDA:275,13,1,0
BRF:29
BRH:0
end_of_record
TN:
SF:src/features/notifications/screens/NotificationSettingsScreen.tsx
FN:35,(anonymous_0)
FN:58,(anonymous_1)
FN:62,(anonymous_2)
FN:68,(anonymous_3)
FN:93,(anonymous_4)
FN:102,(anonymous_5)
FN:111,(anonymous_6)
FN:121,(anonymous_7)
FN:132,(anonymous_8)
FN:141,(anonymous_9)
FN:155,(anonymous_10)
FN:163,(anonymous_11)
FN:181,(anonymous_12)
FN:203,(anonymous_13)
FN:279,(anonymous_14)
FN:280,(anonymous_15)
FN:283,(anonymous_16)
FN:296,(anonymous_17)
FN:297,(anonymous_18)
FN:300,(anonymous_19)
FN:313,(anonymous_20)
FN:314,(anonymous_21)
FN:317,(anonymous_22)
FN:330,(anonymous_23)
FN:331,(anonymous_24)
FN:334,(anonymous_25)
FN:355,(anonymous_26)
FN:362,(anonymous_27)
FNF:28
FNH:0
FNDA:0,(anonymous_0)
FNDA:0,(anonymous_1)
FNDA:0,(anonymous_2)
FNDA:0,(anonymous_3)
FNDA:0,(anonymous_4)
FNDA:0,(anonymous_5)
FNDA:0,(anonymous_6)
FNDA:0,(anonymous_7)
FNDA:0,(anonymous_8)
FNDA:0,(anonymous_9)
FNDA:0,(anonymous_10)
FNDA:0,(anonymous_11)
FNDA:0,(anonymous_12)
FNDA:0,(anonymous_13)
FNDA:0,(anonymous_14)
FNDA:0,(anonymous_15)
FNDA:0,(anonymous_16)
FNDA:0,(anonymous_17)
FNDA:0,(anonymous_18)
FNDA:0,(anonymous_19)
FNDA:0,(anonymous_20)
FNDA:0,(anonymous_21)
FNDA:0,(anonymous_22)
FNDA:0,(anonymous_23)
FNDA:0,(anonymous_24)
FNDA:0,(anonymous_25)
FNDA:0,(anonymous_26)
FNDA:0,(anonymous_27)
DA:35,0
DA:36,0
DA:45,0
DA:47,0
DA:55,0
DA:56,0
DA:58,0
DA:59,0
DA:62,0
DA:63,0
DA:64,0
DA:68,0
DA:69,0
DA:70,0
DA:73,0
DA:74,0
DA:79,0
DA:87,0
DA:89,0
DA:93,0
DA:94,0
DA:95,0
DA:96,0
DA:98,0
DA:102,0
DA:103,0
DA:104,0
DA:105,0
DA:106,0
DA:111,0
DA:116,0
DA:117,0
DA:121,0
DA:125,0
DA:126,0
DA:129,0
DA:132,0
DA:133,0
DA:142,0
DA:143,0
DA:144,0
DA:146,0
DA:147,0
DA:155,0
DA:156,0
DA:157,0
DA:159,0
DA:160,0
DA:163,0
DA:164,0
DA:166,0
DA:168,0
DA:170,0
DA:174,0
DA:175,0
DA:181,0
DA:197,0
DA:203,0
DA:279,0
DA:281,0
DA:284,0
DA:296,0
DA:298,0
DA:301,0
DA:313,0
DA:315,0
DA:318,0
DA:330,0
DA:332,0
DA:335,0
DA:356,0
DA:363,0
DA:413,0
LF:73
LH:0
BRDA:63,0,0,0
BRDA:63,0,1,0
BRDA:73,1,0,0
BRDA:73,1,1,0
BRDA:105,2,0,0
BRDA:105,2,1,0
BRDA:156,3,0,0
BRDA:156,3,1,0
BRDA:160,4,0,0
BRDA:160,4,1,0
BRDA:164,5,0,0
BRDA:164,5,1,0
BRDA:164,5,2,0
BRDA:174,6,0,0
BRDA:174,6,1,0
BRDA:233,7,0,0
BRDA:233,7,1,0
BRDA:236,8,0,0
BRDA:236,8,1,0
BRDA:245,9,0,0
BRDA:245,9,1,0
BRDA:252,10,0,0
BRDA:252,10,1,0
BRDA:359,11,0,0
BRDA:359,11,1,0
BRDA:367,12,0,0
BRDA:367,12,1,0
BRDA:378,13,0,0
BRDA:378,13,1,0
BRDA:393,14,0,0
BRDA:393,14,1,0
BRF:31
BRH:0
end_of_record
TN:
SF:src/features/pathways/screens/PathwayDetailScreen.tsx
FN:43,(anonymous_0)
FN:59,(anonymous_1)
FN:69,(anonymous_2)
FN:76,(anonymous_3)
FN:81,(anonymous_4)
FN:93,(anonymous_5)
FN:105,(anonymous_6)
FN:112,(anonymous_7)
FN:123,(anonymous_8)
FN:186,(anonymous_9)
FN:191,(anonymous_10)
FN:236,(anonymous_11)
FN:237,(anonymous_12)
FN:248,(anonymous_13)
FN:383,(anonymous_14)
FN:387,(anonymous_15)
FN:404,(anonymous_16)
FN:405,(anonymous_17)
FNF:18
FNH:0
FNDA:0,(anonymous_0)
FNDA:0,(anonymous_1)
FNDA:0,(anonymous_2)
FNDA:0,(anonymous_3)
FNDA:0,(anonymous_4)
FNDA:0,(anonymous_5)
FNDA:0,(anonymous_6)
FNDA:0,(anonymous_7)
FNDA:0,(anonymous_8)
FNDA:0,(anonymous_9)
FNDA:0,(anonymous_10)
FNDA:0,(anonymous_11)
FNDA:0,(anonymous_12)
FNDA:0,(anonymous_13)
FNDA:0,(anonymous_14)
FNDA:0,(anonymous_15)
FNDA:0,(anonymous_16)
FNDA:0,(anonymous_17)
DA:43,0
DA:44,0
DA:45,0
DA:46,0
DA:48,0
DA:49,0
DA:50,0
DA:52,0
DA:54,0
DA:55,0
DA:59,0
DA:67,0
DA:69,0
DA:70,0
DA:72,0
DA:76,0
DA:81,0
DA:82,0
DA:84,0
DA:86,0
DA:93,0
DA:96,0
DA:98,0
DA:99,0
DA:101,0
DA:105,0
DA:106,0
DA:108,0
DA:110,0
DA:112,0
DA:114,0
DA:116,0
DA:117,0
DA:119,0
DA:123,0
DA:124,0
DA:187,0
DA:192,0
DA:237,0
DA:248,0
DA:261,0
DA:262,0
DA:276,0
DA:384,0
DA:388,0
DA:404,0
DA:405,0
DA:412,0
LF:48
LH:0
BRDA:54,0,0,0
BRDA:54,0,1,0
BRDA:70,1,0,0
BRDA:70,1,1,0
BRDA:89,2,0,0
BRDA:89,2,1,0
BRDA:126,3,0,0
BRDA:126,3,1,0
BRDA:131,4,0,0
BRDA:131,4,1,0
BRDA:152,5,0,0
BRDA:152,5,1,0
BRDA:158,6,0,0
BRDA:158,6,1,0
BRDA:175,7,0,0
BRDA:175,7,1,0
BRDA:181,8,0,0
BRDA:181,8,1,0
BRDA:181,8,2,0
BRDA:194,9,0,0
BRDA:194,9,1,0
BRDA:196,10,0,0
BRDA:196,10,1,0
BRDA:198,11,0,0
BRDA:198,11,1,0
BRDA:213,12,0,0
BRDA:213,12,1,0
BRDA:218,13,0,0
BRDA:218,13,1,0
BRDA:231,14,0,0
BRDA:231,14,1,0
BRDA:231,14,2,0
BRDA:235,15,0,0
BRDA:235,15,1,0
BRDA:261,16,0,0
BRDA:261,16,1,0
BRDA:267,17,0,0
BRDA:267,17,1,0
BRDA:326,18,0,0
BRDA:326,18,1,0
BRDA:348,19,0,0
BRDA:348,19,1,0
BRDA:377,20,0,0
BRDA:377,20,1,0
BRDA:377,20,2,0
BRF:45
BRH:0
end_of_record
TN:
SF:src/features/pathways/screens/PathwaysScreen.tsx
FN:39,(anonymous_0)
FN:51,(anonymous_1)
FN:55,(anonymous_2)
FN:63,(anonymous_3)
FN:68,(anonymous_4)
FN:79,(anonymous_5)
FN:84,(anonymous_6)
FN:90,(anonymous_7)
FN:108,(anonymous_8)
FN:113,(anonymous_9)
FN:118,(anonymous_10)
FN:121,(anonymous_11)
FN:200,(anonymous_12)
FN:222,(anonymous_13)
FN:230,(anonymous_14)
FN:245,(anonymous_15)
FN:254,(anonymous_16)
FN:333,(anonymous_17)
FN:346,(anonymous_18)
FN:351,(anonymous_19)
FN:357,(anonymous_20)
FN:381,(anonymous_21)
FN:392,(anonymous_22)
FN:395,(anonymous_23)
FNF:24
FNH:0
FNDA:0,(anonymous_0)
FNDA:0,(anonymous_1)
FNDA:0,(anonymous_2)
FNDA:0,(anonymous_3)
FNDA:0,(anonymous_4)
FNDA:0,(anonymous_5)
FNDA:0,(anonymous_6)
FNDA:0,(anonymous_7)
FNDA:0,(anonymous_8)
FNDA:0,(anonymous_9)
FNDA:0,(anonymous_10)
FNDA:0,(anonymous_11)
FNDA:0,(anonymous_12)
FNDA:0,(anonymous_13)
FNDA:0,(anonymous_14)
FNDA:0,(anonymous_15)
FNDA:0,(anonymous_16)
FNDA:0,(anonymous_17)
FNDA:0,(anonymous_18)
FNDA:0,(anonymous_19)
FNDA:0,(anonymous_20)
FNDA:0,(anonymous_21)
FNDA:0,(anonymous_22)
FNDA:0,(anonymous_23)
DA:39,0
DA:40,0
DA:41,0
DA:42,0
DA:43,0
DA:46,0
DA:49,0
DA:51,0
DA:52,0
DA:55,0
DA:56,0
DA:58,0
DA:60,0
DA:61,0
DA:63,0
DA:64,0
DA:66,0
DA:68,0
DA:69,0
DA:71,0
DA:72,0
DA:74,0
DA:77,0
DA:78,0
DA:80,0
DA:85,0
DA:90,0
DA:92,0
DA:93,0
DA:95,0
DA:96,0
DA:98,0
DA:108,0
DA:109,0
DA:113,0
DA:114,0
DA:118,0
DA:119,0
DA:121,0
DA:201,0
DA:222,0
DA:230,0
DA:245,0
DA:250,0
DA:255,0
DA:256,0
DA:257,0
DA:269,0
DA:270,0
DA:282,0
DA:333,0
DA:347,0
DA:351,0
DA:357,0
DA:381,0
DA:392,0
DA:395,0
DA:403,0
LF:58
LH:0
BRDA:58,0,0,0
BRDA:58,0,1,0
BRDA:58,0,2,0
BRDA:58,0,3,0
BRDA:71,1,0,0
BRDA:71,1,1,0
BRDA:77,2,0,0
BRDA:77,2,1,0
BRDA:80,3,0,0
BRDA:80,3,1,0
BRDA:80,3,2,0
BRDA:92,4,0,0
BRDA:92,4,1,0
BRDA:93,5,0,0
BRDA:93,5,1,0
BRDA:95,6,0,0
BRDA:95,6,1,0
BRDA:95,7,0,0
BRDA:95,7,1,0
BRDA:163,8,0,0
BRDA:163,8,1,0
BRDA:188,9,0,0
BRDA:188,9,1,0
BRDA:188,9,2,0
BRDA:211,10,0,0
BRDA:211,10,1,0
BRDA:219,11,0,0
BRDA:219,11,1,0
BRDA:227,12,0,0
BRDA:227,12,1,0
BRDA:252,13,0,0
BRDA:252,13,1,0
BRDA:256,14,0,0
BRDA:256,14,1,0
BRDA:262,15,0,0
BRDA:262,15,1,0
BRDA:265,16,0,0
BRDA:265,16,1,0
BRDA:269,17,0,0
BRDA:269,17,1,0
BRDA:323,18,0,0
BRDA:323,18,1,0
BRDA:331,19,0,0
BRDA:331,19,1,0
BRDA:349,20,0,0
BRDA:349,20,1,0
BRDA:364,21,0,0
BRDA:364,21,1,0
BRDA:369,22,0,0
BRDA:369,22,1,0
BRDA:371,23,0,0
BRDA:371,23,1,0
BRDA:373,24,0,0
BRDA:373,24,1,0
BRDA:378,25,0,0
BRDA:378,25,1,0
BRF:56
BRH:0
end_of_record
TN:
SF:src/features/reports/index.ts
FNF:0
FNH:0
LF:0
LH:0
BRF:0
BRH:0
end_of_record
TN:
SF:src/features/reports/screens/ReportsScreen.tsx
FN:36,(anonymous_0)
FN:45,(anonymous_1)
FN:50,(anonymous_2)
FN:58,(anonymous_3)
FN:66,(anonymous_4)
FN:145,(anonymous_5)
FN:301,(anonymous_6)
FN:313,(anonymous_7)
FN:318,(anonymous_8)
FN:323,(anonymous_9)
FN:337,(anonymous_10)
FN:342,(anonymous_11)
FN:347,(anonymous_12)
FNF:13
FNH:0
FNDA:0,(anonymous_0)
FNDA:0,(anonymous_1)
FNDA:0,(anonymous_2)
FNDA:0,(anonymous_3)
FNDA:0,(anonymous_4)
FNDA:0,(anonymous_5)
FNDA:0,(anonymous_6)
FNDA:0,(anonymous_7)
FNDA:0,(anonymous_8)
FNDA:0,(anonymous_9)
FNDA:0,(anonymous_10)
FNDA:0,(anonymous_11)
FNDA:0,(anonymous_12)
DA:36,0
DA:37,0
DA:38,0
DA:39,0
DA:43,0
DA:45,0
DA:46,0
DA:47,0
DA:50,0
DA:51,0
DA:53,0
DA:55,0
DA:58,0
DA:60,0
DA:62,0
DA:66,0
DA:77,0
DA:145,0
DA:149,0
DA:185,0
DA:186,0
DA:197,0
DA:198,0
DA:210,0
DA:211,0
DA:227,0
DA:302,0
DA:314,0
DA:319,0
DA:323,0
DA:338,0
DA:343,0
DA:347,0
DA:421,0
LF:34
LH:0
BRDA:43,0,0,0
BRDA:43,0,1,0
BRDA:46,1,0,0
BRDA:46,1,1,0
BRDA:46,2,0,0
BRDA:46,2,1,0
BRDA:79,3,0,0
BRDA:79,3,1,0
BRDA:94,4,0,0
BRDA:94,4,1,0
BRDA:100,5,0,0
BRDA:100,5,1,0
BRDA:104,6,0,0
BRDA:104,6,1,0
BRDA:105,7,0,0
BRDA:105,7,1,0
BRDA:107,8,0,0
BRDA:107,8,1,0
BRDA:113,9,0,0
BRDA:113,9,1,0
BRDA:115,10,0,0
BRDA:115,10,1,0
BRDA:127,11,0,0
BRDA:127,11,1,0
BRDA:129,12,0,0
BRDA:129,12,1,0
BRDA:135,13,0,0
BRDA:135,13,1,0
BRDA:136,14,0,0
BRDA:136,14,1,0
BRDA:137,15,0,0
BRDA:137,15,1,0
BRDA:172,16,0,0
BRDA:172,16,1,0
BRDA:185,17,0,0
BRDA:185,17,1,0
BRDA:197,18,0,0
BRDA:197,18,1,0
BRDA:210,19,0,0
BRDA:210,19,1,0
BRDA:316,20,0,0
BRDA:316,20,1,0
BRF:42
BRH:0
end_of_record
TN:
SF:src/features/settings/index.ts
FNF:0
FNH:0
LF:0
LH:0
BRF:0
BRH:0
end_of_record
TN:
SF:src/features/settings/screens/SecurityScreen.tsx
FN:43,(anonymous_0)
FN:60,(anonymous_1)
FN:64,(anonymous_2)
FN:83,(anonymous_3)
FN:102,(anonymous_4)
FN:114,(anonymous_5)
FN:130,(anonymous_6)
FN:160,(anonymous_7)
FN:173,(anonymous_8)
FN:180,(anonymous_9)
FN:187,(anonymous_10)
FN:194,(anonymous_11)
FN:203,(anonymous_12)
FN:211,(anonymous_13)
FN:223,(anonymous_14)
FN:228,(anonymous_15)
FN:233,(anonymous_16)
FN:255,(anonymous_17)
FN:272,(anonymous_18)
FN:278,(anonymous_19)
FN:325,(anonymous_20)
FN:326,(anonymous_21)
FN:339,(anonymous_22)
FN:340,(anonymous_23)
FN:360,(anonymous_24)
FN:361,(anonymous_25)
FN:374,(anonymous_26)
FN:375,(anonymous_27)
FN:395,(anonymous_28)
FN:396,(anonymous_29)
FN:405,(anonymous_30)
FN:406,(anonymous_31)
FNF:32
FNH:0
FNDA:0,(anonymous_0)
FNDA:0,(anonymous_1)
FNDA:0,(anonymous_2)
FNDA:0,(anonymous_3)
FNDA:0,(anonymous_4)
FNDA:0,(anonymous_5)
FNDA:0,(anonymous_6)
FNDA:0,(anonymous_7)
FNDA:0,(anonymous_8)
FNDA:0,(anonymous_9)
FNDA:0,(anonymous_10)
FNDA:0,(anonymous_11)
FNDA:0,(anonymous_12)
FNDA:0,(anonymous_13)
FNDA:0,(anonymous_14)
FNDA:0,(anonymous_15)
FNDA:0,(anonymous_16)
FNDA:0,(anonymous_17)
FNDA:0,(anonymous_18)
FNDA:0,(anonymous_19)
FNDA:0,(anonymous_20)
FNDA:0,(anonymous_21)
FNDA:0,(anonymous_22)
FNDA:0,(anonymous_23)
FNDA:0,(anonymous_24)
FNDA:0,(anonymous_25)
FNDA:0,(anonymous_26)
FNDA:0,(anonymous_27)
FNDA:0,(anonymous_28)
FNDA:0,(anonymous_29)
FNDA:0,(anonymous_30)
FNDA:0,(anonymous_31)
DA:43,0
DA:46,0
DA:47,0
DA:49,0
DA:50,0
DA:60,0
DA:61,0
DA:64,0
DA:65,0
DA:66,0
DA:69,0
DA:70,0
DA:73,0
DA:74,0
DA:76,0
DA:77,0
DA:79,0
DA:83,0
DA:84,0
DA:85,0
DA:87,0
DA:97,0
DA:98,0
DA:102,0
DA:103,0
DA:104,0
DA:109,0
DA:110,0
DA:114,0
DA:115,0
DA:116,0
DA:121,0
DA:124,0
DA:125,0
DA:130,0
DA:133,0
DA:136,0
DA:137,0
DA:139,0
DA:141,0
DA:145,0
DA:146,0
DA:150,0
DA:151,0
DA:152,0
DA:153,0
DA:155,0
DA:156,0
DA:160,0
DA:161,0
DA:163,0
DA:165,0
DA:168,0
DA:169,0
DA:170,0
DA:173,0
DA:174,0
DA:175,0
DA:176,0
DA:177,0
DA:180,0
DA:181,0
DA:182,0
DA:183,0
DA:184,0
DA:187,0
DA:188,0
DA:189,0
DA:190,0
DA:191,0
DA:194,0
DA:195,0
DA:204,0
DA:205,0
DA:206,0
DA:207,0
DA:208,0
DA:210,0
DA:211,0
DA:214,0
DA:215,0
DA:223,0
DA:225,0
DA:228,0
DA:230,0
DA:233,0
DA:234,0
DA:236,0
DA:256,0
DA:273,0
DA:279,0
DA:293,0
DA:294,0
DA:306,0
DA:325,0
[...]
DA:160,0
DA:162,0
DA:163,0
DA:165,0
DA:166,0
DA:169,0
DA:171,0
DA:172,0
DA:180,0
DA:181,0
DA:184,0
DA:185,0
DA:186,0
DA:190,0
DA:199,0
DA:200,0
DA:201,0
DA:202,0
DA:211,0
DA:212,0
DA:213,0
DA:217,0
DA:218,0
DA:219,0
DA:227,0
DA:228,0
DA:235,0
DA:237,0
DA:238,0
DA:239,0
DA:241,0
DA:244,0
DA:246,0
DA:248,0
DA:250,0
DA:251,0
DA:256,0
DA:257,0
DA:268,0
DA:269,0
DA:270,0
DA:272,0
DA:274,0
DA:275,0
DA:276,0
DA:278,0
DA:279,0
DA:280,0
DA:282,0
DA:283,0
DA:284,0
DA:286,0
DA:289,0
DA:291,0
DA:293,0
DA:294,0
DA:295,0
DA:297,0
DA:300,0
DA:302,0
DA:304,0
DA:306,0
DA:307,0
DA:312,0
DA:313,0
DA:329,0
DA:330,0
DA:337,0
DA:339,0
DA:340,0
DA:343,0
DA:347,0
DA:348,0
DA:351,0
DA:354,0
DA:355,0
DA:356,0
DA:367,0
DA:371,0
DA:372,0
DA:373,0
DA:389,0
DA:393,0
DA:395,0
DA:396,0
DA:404,0
DA:405,0
DA:406,0
DA:408,0
DA:416,0
DA:417,0
DA:418,0
DA:419,0
DA:421,0
DA:430,0
DA:433,0
DA:434,0
DA:435,0
DA:436,0
DA:449,0
DA:450,0
DA:453,0
DA:454,0
DA:456,0
DA:458,0
DA:459,0
DA:462,0
DA:463,0
DA:464,0
DA:465,0
DA:467,0
DA:472,0
DA:473,0
DA:474,0
DA:475,0
DA:477,0
DA:481,0
DA:482,0
DA:484,0
DA:490,0
DA:491,0
DA:499,0
DA:501,0
DA:504,0
DA:505,0
DA:506,0
DA:508,0
DA:510,0
DA:518,0
DA:521,0
DA:524,0
DA:525,0
DA:526,0
DA:530,0
DA:533,0
DA:535,0
DA:536,0
DA:541,0
LF:187
LH:0
BRDA:68,0,0,0
BRDA:68,0,1,0
BRDA:80,1,0,0
BRDA:80,1,1,0
BRDA:80,2,0,0
BRDA:80,2,1,0
BRDA:97,3,0,0
BRDA:97,3,1,0
BRDA:97,4,0,0
BRDA:97,4,1,0
BRDA:119,5,0,0
BRDA:119,5,1,0
BRDA:136,6,0,0
BRDA:136,6,1,0
BRDA:141,7,0,0
BRDA:141,7,1,0
BRDA:167,8,0,0
BRDA:167,8,1,0
BRDA:180,9,0,0
BRDA:180,9,1,0
BRDA:185,10,0,0
BRDA:185,10,1,0
BRDA:185,11,0,0
BRDA:185,11,1,0
BRDA:199,12,0,0
BRDA:199,12,1,0
BRDA:235,13,0,0
BRDA:235,13,1,0
BRDA:241,14,0,0
BRDA:241,14,1,0
BRDA:246,15,0,0
BRDA:246,15,1,0
BRDA:248,16,0,0
BRDA:248,16,1,0
BRDA:272,17,0,0
BRDA:272,17,1,0
BRDA:272,17,2,0
BRDA:272,17,3,0
BRDA:291,18,0,0
BRDA:291,18,1,0
BRDA:297,19,0,0
BRDA:297,19,1,0
BRDA:302,20,0,0
BRDA:302,20,1,0
BRDA:304,21,0,0
BRDA:304,21,1,0
BRDA:340,22,0,0
BRDA:340,22,1,0
BRDA:347,23,0,0
BRDA:347,23,1,0
BRDA:347,24,0,0
BRDA:347,24,1,0
BRDA:348,25,0,0
BRDA:348,25,1,0
BRDA:354,26,0,0
BRDA:354,26,1,0
BRDA:354,27,0,0
BRDA:354,27,1,0
BRDA:361,28,0,0
BRDA:361,28,1,0
BRDA:363,29,0,0
BRDA:363,29,1,0
BRDA:364,30,0,0
BRDA:364,30,1,0
BRDA:371,31,0,0
BRDA:371,31,1,0
BRDA:371,32,0,0
BRDA:371,32,1,0
BRDA:381,33,0,0
BRDA:381,33,1,0
BRDA:382,34,0,0
BRDA:382,34,1,0
BRDA:383,35,0,0
BRDA:383,35,1,0
BRDA:385,36,0,0
BRDA:385,36,1,0
BRDA:386,37,0,0
BRDA:386,37,1,0
BRDA:433,38,0,0
BRDA:433,38,1,0
BRDA:433,39,0,0
BRDA:433,39,1,0
BRDA:435,40,0,0
BRDA:435,40,1,0
BRDA:435,41,0,0
BRDA:435,41,1,0
BRDA:449,42,0,0
BRDA:449,42,1,0
BRDA:485,43,0,0
BRDA:485,43,1,0
BRDA:485,43,2,0
BRDA:524,44,0,0
BRDA:524,44,1,0
BRF:93
BRH:0
end_of_record
TN:
SF:src/providers/NotificationProvider.tsx
FN:14,(anonymous_0)
FN:20,(anonymous_1)
FN:24,(anonymous_2)
FNF:3
FNH:0
FNDA:0,(anonymous_0)
FNDA:0,(anonymous_1)
FNDA:0,(anonymous_2)
DA:14,0
DA:17,0
DA:18,0
DA:20,0
DA:22,0
DA:23,0
DA:24,0
DA:25,0
DA:30,0
LF:9
LH:0
BRDA:22,0,0,0
BRDA:22,0,1,0
BRDA:22,1,0,0
BRDA:22,1,1,0
BRF:4
BRH:0
end_of_record
TN:
SF:src/providers/QueryProvider.tsx
FN:24,(anonymous_0)
FNF:1
FNH:0
FNDA:0,(anonymous_0)
DA:12,0
DA:13,0
DA:14,0
DA:15,0
DA:16,0
DA:24,0
DA:25,0
LF:7
LH:0
BRDA:13,0,0,0
BRDA:13,0,1,0
BRDA:28,1,0,0
BRDA:28,1,1,0
BRDA:28,1,2,0
BRF:5
BRH:0
end_of_record
TN:
SF:src/providers/ThemeProvider.tsx
FN:22,(anonymous_0)
FN:28,(anonymous_1)
FN:33,(anonymous_2)
FN:40,(anonymous_3)
FN:60,(anonymous_4)
FN:74,(anonymous_5)
FN:111,(anonymous_6)
FNF:7
FNH:0
FNDA:0,(anonymous_0)
FNDA:0,(anonymous_1)
FNDA:0,(anonymous_2)
FNDA:0,(anonymous_3)
FNDA:0,(anonymous_4)
FNDA:0,(anonymous_5)
FNDA:0,(anonymous_6)
DA:14,0
DA:16,0
DA:22,0
DA:23,0
DA:24,0
DA:25,0
DA:28,0
DA:29,0
DA:33,0
DA:34,0
DA:36,0
DA:40,0
DA:41,0
DA:42,0
DA:44,0
DA:46,0
DA:49,0
DA:52,0
DA:54,0
DA:56,0
DA:60,0
DA:61,0
DA:62,0
DA:64,0
DA:65,0
DA:70,0
DA:74,0
DA:75,0
DA:76,0
DA:77,0
DA:79,0
DA:83,0
DA:92,0
DA:94,0
DA:101,0
DA:111,0
DA:112,0
DA:113,0
DA:114,0
DA:116,0
LF:40
LH:0
BRDA:34,0,0,0
BRDA:34,0,1,0
BRDA:44,1,0,0
BRDA:44,1,1,0
BRDA:67,2,0,0
BRDA:67,2,1,0
BRDA:84,3,0,0
BRDA:84,3,1,0
BRDA:92,4,0,0
BRDA:92,4,1,0
BRDA:113,5,0,0
BRDA:113,5,1,0
BRF:12
BRH:0
end_of_record
TN:
SF:src/screens/ConnectivityCheck.tsx
FN:34,(anonymous_0)
FN:58,(anonymous_1)
FN:76,(anonymous_2)
FN:79,(anonymous_3)
FN:88,(anonymous_4)
FN:100,(anonymous_5)
FN:108,(anonymous_6)
FN:117,(anonymous_7)
FN:128,(anonymous_8)
FN:140,(anonymous_9)
FN:143,(anonymous_10)
FN:154,(anonymous_11)
FN:166,(anonymous_12)
FN:168,(anonymous_13)
FN:180,(anonymous_14)
FN:193,(anonymous_15)
FN:203,(anonymous_16)
FN:215,(anonymous_17)
FN:219,(anonymous_18)
FN:230,(anonymous_19)
FN:241,(anonymous_20)
FN:255,(anonymous_21)
FN:258,(anonymous_22)
FN:267,(anonymous_23)
FN:279,(anonymous_24)
FN:303,(anonymous_25)
FN:307,(anonymous_26)
FN:309,(anonymous_27)
FN:310,(anonymous_28)
FNF:29
FNH:0
FNDA:0,(anonymous_0)
FNDA:0,(anonymous_1)
FNDA:0,(anonymous_2)
FNDA:0,(anonymous_3)
FNDA:0,(anonymous_4)
FNDA:0,(anonymous_5)
FNDA:0,(anonymous_6)
FNDA:0,(anonymous_7)
FNDA:0,(anonymous_8)
FNDA:0,(anonymous_9)
FNDA:0,(anonymous_10)
FNDA:0,(anonymous_11)
FNDA:0,(anonymous_12)
FNDA:0,(anonymous_13)
FNDA:0,(anonymous_14)
FNDA:0,(anonymous_15)
FNDA:0,(anonymous_16)
FNDA:0,(anonymous_17)
FNDA:0,(anonymous_18)
FNDA:0,(anonymous_19)
FNDA:0,(anonymous_20)
FNDA:0,(anonymous_21)
FNDA:0,(anonymous_22)
FNDA:0,(anonymous_23)
FNDA:0,(anonymous_24)
FNDA:0,(anonymous_25)
FNDA:0,(anonymous_26)
FNDA:0,(anonymous_27)
FNDA:0,(anonymous_28)
DA:34,0
DA:35,0
DA:42,0
DA:58,0
DA:59,0
DA:60,0
DA:63,0
DA:64,0
DA:65,0
DA:66,0
DA:67,0
DA:68,0
DA:69,0
DA:70,0
DA:71,0
DA:73,0
DA:76,0
DA:77,0
DA:78,0
DA:79,0
DA:88,0
DA:100,0
DA:101,0
DA:103,0
DA:104,0
DA:108,0
DA:117,0
DA:128,0
DA:140,0
DA:141,0
DA:142,0
DA:143,0
DA:154,0
DA:166,0
DA:167,0
DA:168,0
DA:176,0
DA:179,0
DA:180,0
DA:188,0
DA:191,0
DA:192,0
DA:193,0
DA:203,0
DA:215,0
DA:216,0
DA:217,0
DA:218,0
DA:219,0
DA:230,0
DA:241,0
DA:255,0
DA:256,0
DA:257,0
DA:258,0
DA:267,0
DA:279,0
DA:280,0
DA:281,0
DA:283,0
DA:284,0
DA:294,0
DA:296,0
DA:298,0
DA:303,0
DA:304,0
DA:307,0
DA:308,0
DA:309,0
DA:310,0
DA:311,0
DA:314,0
DA:430,0
LF:73
LH:0
BRDA:53,0,0,0
BRDA:53,0,1,0
BRDA:82,1,0,0
BRDA:82,1,1,0
BRDA:83,2,0,0
BRDA:83,2,1,0
BRDA:93,3,0,0
BRDA:93,3,1,0
BRDA:101,4,0,0
BRDA:101,4,1,0
BRDA:122,5,0,0
BRDA:122,5,1,0
BRDA:133,6,0,0
BRDA:133,6,1,0
BRDA:146,7,0,0
BRDA:146,7,1,0
BRDA:147,8,0,0
BRDA:147,8,1,0
BRDA:159,9,0,0
BRDA:159,9,1,0
BRDA:167,10,0,0
BRDA:167,10,1,0
BRDA:179,11,0,0
BRDA:179,11,1,0
BRDA:208,12,0,0
BRDA:208,12,1,0
BRDA:216,13,0,0
BRDA:216,13,1,0
BRDA:222,14,0,0
BRDA:222,14,1,0
BRDA:223,15,0,0
BRDA:223,15,1,0
BRDA:235,16,0,0
BRDA:235,16,1,0
BRDA:244,17,0,0
BRDA:244,17,1,0
BRDA:245,18,0,0
BRDA:245,18,1,0
BRDA:248,19,0,0
BRDA:248,19,1,0
BRDA:261,20,0,0
BRDA:261,20,1,0
BRDA:272,21,0,0
BRDA:272,21,1,0
BRDA:309,22,0,0
BRDA:309,22,1,0
BRDA:310,23,0,0
BRDA:310,23,1,0
BRDA:345,24,0,0
BRDA:345,24,1,0
BRDA:346,25,0,0
BRDA:346,25,1,0
BRDA:347,26,0,0
BRDA:347,26,1,0
BRDA:353,27,0,0
BRDA:353,27,1,0
BRDA:354,28,0,0
BRDA:354,28,1,0
BRDA:355,29,0,0
BRDA:355,29,1,0
BRDA:361,30,0,0
BRDA:361,30,1,0
BRDA:362,31,0,0
BRDA:362,31,1,0
BRDA:363,32,0,0
BRDA:363,32,1,0
BRDA:372,33,0,0
BRDA:372,33,1,0
BRDA:373,34,0,0
BRDA:373,34,1,0
BRDA:374,35,0,0
BRDA:374,35,1,0
BRDA:374,36,0,0
BRDA:374,36,1,0
BRDA:380,37,0,0
BRDA:380,37,1,0
BRDA:381,38,0,0
BRDA:381,38,1,0
BRDA:388,39,0,0
BRDA:388,39,1,0
BRDA:389,40,0,0
BRDA:389,40,1,0
BRDA:390,41,0,0
BRDA:390,41,1,0
BRDA:399,42,0,0
BRDA:399,42,1,0
BRDA:400,43,0,0
BRDA:400,43,1,0
BRDA:401,44,0,0
BRDA:401,44,1,0
BRDA:407,45,0,0
BRDA:407,45,1,0
BRDA:408,46,0,0
BRDA:408,46,1,0
BRDA:417,47,0,0
BRDA:417,47,1,0
BRF:96
BRH:0
end_of_record
TN:
SF:src/screens/OfflineAwareCheckin.tsx
FN:43,(anonymous_0)
FN:81,(anonymous_1)
FN:103,(anonymous_2)
FN:107,(anonymous_3)
FN:114,(anonymous_4)
FN:134,(anonymous_5)
FN:150,(anonymous_6)
FN:179,(anonymous_7)
FN:185,(anonymous_8)
FN:257,(anonymous_9)
FN:292,(anonymous_10)
FN:302,(anonymous_11)
FN:325,(anonymous_12)
FNF:13
FNH:0
FNDA:0,(anonymous_0)
FNDA:0,(anonymous_1)
FNDA:0,(anonymous_2)
FNDA:0,(anonymous_3)
FNDA:0,(anonymous_4)
FNDA:0,(anonymous_5)
FNDA:0,(anonymous_6)
FNDA:0,(anonymous_7)
FNDA:0,(anonymous_8)
FNDA:0,(anonymous_9)
FNDA:0,(anonymous_10)
FNDA:0,(anonymous_11)
FNDA:0,(anonymous_12)
DA:43,0
DA:49,0
DA:51,0
DA:81,0
DA:103,0
DA:107,0
DA:108,0
DA:109,0
DA:110,0
DA:111,0
DA:114,0
DA:115,0
DA:116,0
DA:118,0
DA:119,0
DA:121,0
DA:122,0
DA:124,0
DA:127,0
DA:134,0
DA:135,0
DA:137,0
DA:138,0
DA:139,0
DA:140,0
DA:141,0
DA:142,0
DA:144,0
DA:145,0
DA:150,0
DA:151,0
DA:152,0
DA:153,0
DA:156,0
DA:157,0
DA:162,0
DA:166,0
DA:169,0
DA:170,0
DA:173,0
DA:174,0
DA:175,0
DA:179,0
DA:182,0
DA:185,0
DA:186,0
DA:187,0
DA:188,0
DA:189,0
DA:191,0
DA:192,0
DA:196,0
DA:197,0
DA:209,0
DA:257,0
DA:292,0
DA:303,0
DA:326,0
DA:374,0
LF:59
LH:0
BRDA:60,0,0,0
BRDA:60,0,1,0
BRDA:66,1,0,0
BRDA:66,1,1,0
BRDA:68,2,0,0
BRDA:68,2,1,0
BRDA:78,3,0,0
BRDA:78,3,1,0
BRDA:79,4,0,0
BRDA:79,4,1,0
BRDA:82,5,0,0
BRDA:82,5,1,0
BRDA:86,6,0,0
BRDA:86,6,1,0
BRDA:88,7,0,0
BRDA:88,7,1,0
BRDA:88,8,0,0
BRDA:88,8,1,0
BRDA:108,9,0,0
BRDA:108,9,1,0
BRDA:108,10,0,0
BRDA:108,10,1,0
BRDA:109,11,0,0
BRDA:109,11,1,0
BRDA:110,12,0,0
BRDA:110,12,1,0
BRDA:115,13,0,0
BRDA:115,13,1,0
BRDA:115,14,0,0
BRDA:115,14,1,0
BRDA:118,15,0,0
BRDA:118,15,1,0
BRDA:121,16,0,0
BRDA:121,16,1,0
BRDA:151,17,0,0
BRDA:151,17,1,0
BRDA:162,18,0,0
BRDA:162,18,1,0
BRDA:169,19,0,0
BRDA:169,19,1,0
BRDA:174,20,0,0
BRDA:174,20,1,0
BRDA:196,21,0,0
BRDA:196,21,1,0
BRDA:227,22,0,0
BRDA:227,22,1,0
BRDA:261,23,0,0
BRDA:261,23,1,0
BRDA:263,24,0,0
BRDA:263,24,1,0
BRDA:272,25,0,0
BRDA:272,25,1,0
BRDA:272,25,2,0
BRDA:275,26,0,0
BRDA:275,26,1,0
BRDA:275,26,2,0
BRDA:279,27,0,0
BRDA:279,27,1,0
BRDA:279,27,2,0
BRDA:281,28,0,0
BRDA:281,28,1,0
BRDA:282,29,0,0
BRDA:282,29,1,0
BRDA:283,30,0,0
BRDA:283,30,1,0
BRDA:297,31,0,0
BRDA:297,31,1,0
BRDA:301,32,0,0
BRDA:301,32,1,0
BRDA:301,33,0,0
BRDA:301,33,1,0
BRDA:322,34,0,0
BRDA:322,34,1,0
BRDA:322,34,2,0
BRDA:331,35,0,0
BRDA:331,35,1,0
BRDA:345,36,0,0
BRDA:345,36,1,0
BRDA:346,37,0,0
BRDA:346,37,1,0
BRDA:357,38,0,0
BRDA:357,38,1,0
BRDA:362,39,0,0
BRDA:362,39,1,0
BRDA:362,39,2,0
BRF:85
BRH:0
end_of_record
TN:
SF:src/services/checkInService.ts
FN:56,(anonymous_0)
FN:144,(anonymous_1)
FN:166,(anonymous_2)
FN:210,(anonymous_3)
FN:250,(anonymous_4)
FN:283,(anonymous_5)
FN:290,(anonymous_6)
FN:302,(anonymous_7)
FN:310,(anonymous_8)
FNF:9
FNH:0
FNDA:0,(anonymous_0)
FNDA:0,(anonymous_1)
FNDA:0,(anonymous_2)
FNDA:0,(anonymous_3)
FNDA:0,(anonymous_4)
FNDA:0,(anonymous_5)
FNDA:0,(anonymous_6)
FNDA:0,(anonymous_7)
FNDA:0,(anonymous_8)
DA:60,0
DA:62,0
DA:63,0
DA:64,0
DA:71,0
DA:72,0
DA:73,0
DA:80,0
DA:81,0
DA:90,0
DA:91,0
DA:100,0
DA:101,0
DA:109,0
DA:112,0
DA:113,0
DA:117,0
DA:118,0
DA:121,0
DA:127,0
DA:128,0
DA:131,0
DA:133,0
DA:134,0
DA:145,0
DA:148,0
DA:152,0
DA:157,0
DA:158,0
DA:165,0
DA:166,0
DA:167,0
DA:171,0
DA:172,0
DA:175,0
DA:184,0
DA:186,0
DA:188,0
DA:189,0
DA:197,0
DA:199,0
DA:207,0
DA:210,0
DA:211,0
DA:212,0
DA:215,0
DA:217,0
DA:230,0
DA:236,0
DA:239,0
DA:247,0
DA:250,0
DA:251,0
DA:252,0
DA:255,0
DA:257,0
DA:269,0
DA:270,0
DA:272,0
DA:284,0
DA:291,0
DA:292,0
DA:294,0
DA:295,0
DA:303,0
DA:304,0
DA:311,0
DA:312,0
DA:314,0
DA:315,0
DA:318,0
DA:319,0
DA:322,0
DA:324,0
DA:325,0
DA:326,0
DA:332,1
LF:77
LH:1
BRDA:63,0,0,0
BRDA:63,0,1,0
BRDA:72,1,0,0
BRDA:72,1,1,0
BRDA:80,2,0,0
BRDA:80,2,1,0
BRDA:90,3,0,0
BRDA:90,3,1,0
BRDA:100,4,0,0
BRDA:100,4,1,0
BRDA:112,5,0,0
BRDA:112,5,1,0
BRDA:117,6,0,0
BRDA:117,6,1,0
BRDA:127,7,0,0
BRDA:127,7,1,0
BRDA:148,8,0,0
BRDA:148,8,1,0
BRDA:157,9,0,0
BRDA:157,9,1,0
BRDA:157,10,0,0
BRDA:157,10,1,0
BRDA:157,10,2,0
BRDA:160,11,0,0
BRDA:160,11,1,0
BRDA:165,12,0,0
BRDA:165,12,1,0
BRDA:165,13,0,0
BRDA:165,13,1,0
BRDA:171,14,0,0
BRDA:171,14,1,0
BRDA:172,15,0,0
BRDA:172,15,1,0
BRDA:186,16,0,0
BRDA:186,16,1,0
BRDA:197,17,0,0
BRDA:197,17,1,0
BRDA:211,18,0,0
BRDA:211,18,1,0
BRDA:251,19,0,0
BRDA:251,19,1,0
BRDA:275,20,0,0
BRDA:275,20,1,0
BRDA:314,21,0,0
BRDA:314,21,1,0
BRDA:318,22,0,0
BRDA:318,22,1,0
BRF:47
BRH:0
end_of_record
TN:
SF:src/services/eventsService.ts
FN:29,(anonymous_0)
FN:36,(anonymous_1)
FN:65,(anonymous_2)
FN:84,(anonymous_3)
FN:146,(anonymous_4)
FN:166,(anonymous_5)
FN:175,(anonymous_6)
FN:217,(anonymous_7)
FN:229,(anonymous_8)
FN:257,(anonymous_9)
FN:265,(anonymous_10)
FN:273,(anonymous_11)
FN:280,(anonymous_12)
FN:283,(anonymous_13)
FN:293,(anonymous_14)
FNF:15
FNH:0
FNDA:0,(anonymous_0)
FNDA:0,(anonymous_1)
FNDA:0,(anonymous_2)
FNDA:0,(anonymous_3)
FNDA:0,(anonymous_4)
FNDA:0,(anonymous_5)
FNDA:0,(anonymous_6)
FNDA:0,(anonymous_7)
FNDA:0,(anonymous_8)
FNDA:0,(anonymous_9)
FNDA:0,(anonymous_10)
FNDA:0,(anonymous_11)
FNDA:0,(anonymous_12)
FNDA:0,(anonymous_13)
FNDA:0,(anonymous_14)
DA:16,0
DA:17,0
DA:30,0
DA:37,0
DA:42,0
DA:45,0
DA:47,0
DA:49,0
DA:52,0
DA:53,0
DA:54,0
DA:58,0
DA:66,0
DA:71,0
DA:72,0
DA:74,0
DA:77,0
DA:88,0
DA:90,0
DA:97,0
DA:99,0
DA:102,0
DA:105,0
DA:106,0
DA:107,0
DA:108,0
DA:109,0
DA:111,0
DA:115,0
DA:118,0
DA:120,0
DA:122,0
DA:125,0
DA:128,0
DA:130,0
DA:137,0
DA:139,0
DA:147,0
DA:153,0
DA:158,0
DA:159,0
DA:170,0
DA:172,0
DA:175,0
DA:176,0
DA:177,0
DA:179,0
DA:180,0
DA:181,0
DA:182,0
DA:183,0
DA:185,0
DA:186,0
DA:190,0
DA:191,0
DA:192,0
DA:193,0
DA:194,0
DA:196,0
DA:197,0
DA:198,0
DA:202,0
DA:204,0
DA:208,0
DA:210,0
DA:218,0
DA:223,0
DA:230,0
DA:231,0
DA:236,0
DA:237,0
DA:241,0
DA:242,0
DA:243,0
DA:244,0
DA:247,0
DA:249,0
DA:250,0
DA:258,0
DA:259,0
DA:266,0
DA:267,0
DA:274,0
DA:281,0
DA:282,0
DA:284,0
DA:293,0
DA:294,0
DA:295,0
LF:89
LH:0
BRDA:53,0,0,0
BRDA:53,0,1,0
BRDA:72,1,0,0
BRDA:72,1,1,0
BRDA:77,2,0,0
BRDA:77,2,1,0
BRDA:106,3,0,0
BRDA:106,3,1,0
BRDA:106,4,0,0
BRDA:106,4,1,0
BRDA:108,5,0,0
BRDA:108,5,1,0
BRDA:115,6,0,0
BRDA:115,6,1,0
BRDA:131,7,0,0
BRDA:131,7,1,0
BRDA:158,8,0,0
BRDA:158,8,1,0
BRDA:159,9,0,0
BRDA:159,9,1,0
BRDA:176,10,0,0
BRDA:176,10,1,0
BRDA:179,11,0,0
BRDA:179,11,1,0
BRDA:180,12,0,0
BRDA:180,12,1,0
BRDA:180,13,0,0
BRDA:180,13,1,0
BRDA:190,14,0,0
BRDA:190,14,1,0
BRDA:193,15,0,0
BRDA:193,15,1,0
BRDA:196,16,0,0
BRDA:196,16,1,0
BRDA:236,17,0,0
BRDA:236,17,1,0
BRDA:242,18,0,0
BRDA:242,18,1,0
BRDA:247,19,0,0
BRDA:247,19,1,0
BRDA:284,20,0,0
BRDA:284,20,1,0
BRF:42
BRH:0
end_of_record
TN:
SF:src/services/notificationService.ts
FN:12,(anonymous_0)
FN:54,(anonymous_1)
FN:91,(anonymous_2)
FN:131,(anonymous_3)
FN:156,(anonymous_4)
FN:186,(anonymous_5)
FN:199,(anonymous_6)
FN:230,(anonymous_7)
FN:237,(anonymous_8)
FN:249,(anonymous_9)
FN:261,(anonymous_10)
FN:275,(anonymous_11)
FN:317,(anonymous_12)
FN:346,(anonymous_13)
FN:374,(anonymous_14)
FN:396,(anonymous_15)
FN:404,(anonymous_16)
FN:411,(anonymous_17)
FNF:18
FNH:0
FNDA:0,(anonymous_0)
FNDA:0,(anonymous_1)
FNDA:0,(anonymous_2)
FNDA:0,(anonymous_3)
FNDA:0,(anonymous_4)
FNDA:0,(anonymous_5)
FNDA:0,(anonymous_6)
FNDA:0,(anonymous_7)
FNDA:0,(anonymous_8)
FNDA:0,(anonymous_9)
FNDA:0,(anonymous_10)
FNDA:0,(anonymous_11)
FNDA:0,(anonymous_12)
FNDA:0,(anonymous_13)
FNDA:0,(anonymous_14)
FNDA:0,(anonymous_15)
FNDA:0,(anonymous_16)
FNDA:0,(anonymous_17)
DA:11,0
DA:12,0
DA:47,0
DA:48,0
DA:49,0
DA:55,0
DA:56,0
DA:59,0
DA:60,0
DA:61,0
DA:65,0
DA:66,0
DA:67,0
DA:68,0
DA:72,0
DA:73,0
DA:75,0
DA:76,0
DA:79,0
DA:80,0
DA:81,0
DA:83,0
DA:84,0
DA:92,0
DA:94,0
DA:95,0
DA:97,0
DA:98,0
DA:99,0
DA:102,0
DA:103,0
DA:104,0
DA:108,0
DA:109,0
DA:121,0
DA:123,0
DA:124,0
DA:132,0
DA:133,0
DA:137,0
DA:143,0
DA:148,0
DA:149,0
DA:161,0
DA:163,0
DA:171,0
DA:176,0
DA:178,0
DA:179,0
DA:187,0
DA:189,0
DA:190,0
DA:192,0
DA:203,0
DA:204,0
DA:205,0
DA:208,0
DA:219,0
DA:220,0
DA:222,0
DA:223,0
DA:231,0
DA:238,0
DA:239,0
DA:240,0
DA:242,0
DA:250,0
DA:251,0
DA:252,0
DA:254,0
DA:264,0
DA:265,0
DA:267,0
DA:268,0
DA:278,0
DA:280,0
DA:282,0
DA:289,0
DA:292,0
DA:294,0
DA:296,0
DA:298,0
DA:300,0
DA:302,0
DA:304,0
DA:306,0
DA:308,0
DA:310,0
DA:323,0
DA:328,0
DA:329,0
DA:332,0
DA:340,0
DA:352,0
DA:356,0
DA:357,0
DA:360,0
DA:368,0
DA:379,0
DA:383,0
DA:390,0
DA:397,0
DA:398,0
DA:405,0
DA:412,0
DA:417,0
LF:106
LH:0
BRDA:59,0,0,0
BRDA:59,0,1,0
BRDA:66,1,0,0
BRDA:66,1,1,0
BRDA:73,2,0,0
BRDA:73,2,1,0
BRDA:97,3,0,0
BRDA:97,3,1,0
BRDA:102,4,0,0
BRDA:102,4,1,0
BRDA:108,5,0,0
BRDA:108,5,1,0
BRDA:204,6,0,0
BRDA:204,6,1,0
BRDA:212,7,0,0
BRDA:212,7,1,0
BRDA:216,8,0,0
BRDA:216,8,1,0
BRDA:280,9,0,0
BRDA:280,9,1,0
BRDA:289,10,0,0
BRDA:289,10,1,0
BRDA:289,10,2,0
BRDA:289,10,3,0
BRDA:289,10,4,0
BRDA:292,11,0,0
BRDA:292,11,1,0
BRDA:298,12,0,0
BRDA:298,12,1,0
BRDA:304,13,0,0
BRDA:304,13,1,0
BRDA:321,14,0,0
BRDA:328,15,0,0
BRDA:328,15,1,0
BRDA:350,16,0,0
BRDA:356,17,0,0
BRDA:356,17,1,0
BRDA:379,18,0,0
BRDA:379,18,1,0
BRF:39
BRH:0
end_of_record
TN:
SF:src/theme/colors.ts
FNF:0
FNH:0
DA:7,2
LF:1
LH:1
BRF:0
BRH:0
end_of_record
TN:
SF:src/theme/paperTheme.ts
FNF:0
FNH:0
DA:16,0
DA:25,0
DA:74,0
DA:118,0
LF:4
LH:0
BRF:0
BRH:0
end_of_record
TN:
SF:src/utils/index.ts
FN:6,(anonymous_0)
FN:11,(anonymous_1)
FN:17,(anonymous_2)
FN:21,(anonymous_3)
FN:26,(anonymous_4)
FN:31,(anonymous_5)
FN:37,(anonymous_6)
FN:41,(anonymous_7)
FN:46,(anonymous_8)
FN:57,(anonymous_9)
FN:58,(anonymous_10)
FN:61,(anonymous_11)
FN:78,(anonymous_12)
FN:82,(anonymous_13)
FNF:14
FNH:0
FNDA:0,(anonymous_0)
FNDA:0,(anonymous_1)
FNDA:0,(anonymous_2)
FNDA:0,(anonymous_3)
FNDA:0,(anonymous_4)
FNDA:0,(anonymous_5)
FNDA:0,(anonymous_6)
FNDA:0,(anonymous_7)
FNDA:0,(anonymous_8)
FNDA:0,(anonymous_9)
FNDA:0,(anonymous_10)
FNDA:0,(anonymous_11)
FNDA:0,(anonymous_12)
FNDA:0,(anonymous_13)
DA:6,0
DA:7,0
DA:8,0
DA:11,0
DA:12,0
DA:13,0
DA:17,0
DA:18,0
DA:21,0
DA:22,0
DA:26,0
DA:27,0
DA:28,0
DA:31,0
DA:32,0
DA:33,0
DA:37,0
DA:38,0
DA:41,0
DA:45,0
DA:47,0
DA:48,0
DA:49,0
DA:50,0
DA:57,0
DA:58,0
DA:61,0
DA:66,0
DA:67,0
DA:69,0
DA:70,0
DA:72,0
DA:73,0
DA:78,0
DA:79,0
DA:82,0
DA:83,0
LF:37
LH:0
BRDA:7,0,0,0
BRDA:7,0,1,0
BRDA:12,1,0,0
BRDA:12,1,1,0
BRDA:22,2,0,0
BRDA:22,2,1,0
BRDA:33,3,0,0
BRDA:33,3,1,0
BRDA:48,4,0,0
BRDA:48,4,1,0
BRDA:63,5,0,0
BRDA:64,6,0,0
BRDA:69,7,0,0
BRDA:69,7,1,0
BRF:14
BRH:0
end_of_record
TN:
SF:src/utils/qrParser.ts
FN:20,(anonymous_0)
FN:128,(anonymous_1)
FN:138,(anonymous_2)
FNF:3
FNH:3
FNDA:22,(anonymous_0)
FNDA:1,(anonymous_1)
FNDA:5,(anonymous_2)
DA:20,1
DA:21,22
DA:23,22
DA:24,4
DA:30,18
DA:32,18
DA:33,0
DA:40,18
DA:41,6
DA:48,12
DA:50,12
DA:51,1
DA:58,11
DA:59,11
DA:62,11
DA:63,22
DA:65,22
DA:66,11
DA:67,11
DA:68,11
DA:70,0
DA:78,11
DA:79,2
DA:85,9
DA:86,2
DA:93,7
DA:95,7
DA:96,1
DA:102,6
DA:103,0
DA:109,6
DA:117,0
DA:118,0
DA:128,1
DA:132,1
DA:138,1
DA:139,5
DA:140,2
DA:143,3
DA:144,3
DA:150,1
LF:41
LH:36
BRDA:23,0,0,4
BRDA:23,0,1,18
BRDA:23,1,0,22
BRDA:23,1,1,18
BRDA:32,2,0,0
BRDA:32,2,1,18
BRDA:40,3,0,6
BRDA:40,3,1,12
BRDA:40,4,0,18
BRDA:40,4,1,15
BRDA:50,5,0,1
BRDA:50,5,1,11
BRDA:65,6,0,11
BRDA:65,6,1,11
BRDA:67,7,0,11
BRDA:67,7,1,0
BRDA:78,8,0,2
BRDA:78,8,1,9
BRDA:85,9,0,2
BRDA:85,9,1,7
BRDA:95,10,0,1
BRDA:95,10,1,6
BRDA:102,11,0,0
BRDA:102,11,1,6
BRDA:139,12,0,2
BRDA:139,12,1,3
BRDA:139,13,0,5
BRDA:139,13,1,3
BRDA:144,14,0,3
BRDA:144,14,1,1
BRF:30
BRH:27
end_of_record
TN:
SF:src/utils/toast.ts
FN:27,(anonymous_0)
FN:31,(anonymous_1)
FN:40,(anonymous_2)
FN:41,(anonymous_3)
FN:45,(anonymous_4)
FN:54,(anonymous_5)
FN:63,(anonymous_6)
FN:72,(anonymous_7)
FN:81,(anonymous_8)
FN:94,(anonymous_9)
FN:110,(anonymous_10)
FNF:11
FNH:0
FNDA:0,(anonymous_0)
FNDA:0,(anonymous_1)
FNDA:0,(anonymous_2)
FNDA:0,(anonymous_3)
FNDA:0,(anonymous_4)
FNDA:0,(anonymous_5)
FNDA:0,(anonymous_6)
FNDA:0,(anonymous_7)
FNDA:0,(anonymous_8)
FNDA:0,(anonymous_9)
FNDA:0,(anonymous_10)
DA:24,2
DA:28,0
DA:31,0
DA:32,0
DA:33,0
DA:34,0
DA:41,0
DA:46,0
DA:55,0
DA:64,0
DA:73,0
DA:82,0
DA:91,2
DA:94,2
DA:95,0
DA:97,0
DA:99,0
DA:101,0
DA:103,0
DA:105,0
DA:110,2
DA:111,0
DA:113,0
DA:115,0
DA:117,0
DA:119,0
DA:121,0
LF:27
LH:4
BRDA:33,0,0,0
BRDA:33,0,1,0
BRDA:45,1,0,0
BRDA:54,2,0,0
BRDA:63,3,0,0
BRDA:72,4,0,0
BRDA:84,5,0,0
BRDA:84,5,1,0
BRDA:85,6,0,0
BRDA:85,6,1,0
BRDA:95,7,0,0
BRDA:95,7,1,0
BRDA:95,7,2,0
BRDA:95,7,3,0
BRDA:95,7,4,0
BRDA:111,8,0,0
BRDA:111,8,1,0
BRDA:111,8,2,0
BRDA:111,8,3,0
BRDA:111,8,4,0
BRF:20
BRH:0
end_of_record
