
> hpci-chms@0.1.0 test:unit
> vitest run tests/unit/super-admin.middleware.test.ts

[33mThe CJS build of Vite's Node API is deprecated. See https://vite.dev/guide/troubleshooting.html#vite-cjs-node-api-deprecated for more details.[39m

 RUN  v2.1.9 /Users/macsagun/HPCI-ChMS

 â¯ tests/unit/super-admin.middleware.test.ts (14 tests | 14 failed) 9ms
   Ã— SUPER_ADMIN Middleware Tests > /super route protection > should allow SUPER_ADMIN access to /super 4ms
     â†’ The instanceof assertion needs a constructor but Object was given.
   Ã— SUPER_ADMIN Middleware Tests > /super route protection > should allow SUPER_ADMIN access to /super/churches 0ms
     â†’ The instanceof assertion needs a constructor but Object was given.
   Ã— SUPER_ADMIN Middleware Tests > /super route protection > should allow SUPER_ADMIN access to /super/local-churches 0ms
     â†’ The instanceof assertion needs a constructor but Object was given.
   Ã— SUPER_ADMIN Middleware Tests > /super route protection > should redirect ADMIN from /super to /dashboard 0ms
     â†’ Cannot read properties of undefined (reading 'get')
   Ã— SUPER_ADMIN Middleware Tests > /super route protection > should redirect MEMBER from /super to /dashboard 0ms
     â†’ Cannot read properties of undefined (reading 'get')
   Ã— SUPER_ADMIN Middleware Tests > /super route protection > should redirect unauthenticated users from /super 0ms
     â†’ Cannot read properties of undefined (reading 'get')
   Ã— SUPER_ADMIN Middleware Tests > SUPER_ADMIN bypass for other routes > should allow SUPER_ADMIN to access /admin routes 0ms
     â†’ The instanceof assertion needs a constructor but Object was given.
   Ã— SUPER_ADMIN Middleware Tests > SUPER_ADMIN bypass for other routes > should allow SUPER_ADMIN to access /vip routes 0ms
     â†’ The instanceof assertion needs a constructor but Object was given.
   Ã— SUPER_ADMIN Middleware Tests > SUPER_ADMIN bypass for other routes > should allow SUPER_ADMIN to access /leader routes 0ms
     â†’ The instanceof assertion needs a constructor but Object was given.
   Ã— SUPER_ADMIN Middleware Tests > SUPER_ADMIN bypass for other routes > should allow SUPER_ADMIN to access regular user routes 0ms
     â†’ The instanceof assertion needs a constructor but Object was given.
   Ã— SUPER_ADMIN Middleware Tests > Role isolation for non-SUPER_ADMIN > should prevent ADMIN from accessing /vip routes 0ms
     â†’ Cannot read properties of undefined (reading 'get')
   Ã— SUPER_ADMIN Middleware Tests > Role isolation for non-SUPER_ADMIN > should prevent MEMBER from accessing /admin routes 0ms
     â†’ Cannot read properties of undefined (reading 'get')
   Ã— SUPER_ADMIN Middleware Tests > Authentication redirects > should redirect unauthenticated users from /dashboard to signin 0ms
     â†’ Cannot read properties of undefined (reading 'get')
   Ã— SUPER_ADMIN Middleware Tests > Authentication redirects > should redirect authenticated users from auth pages 0ms
     â†’ Cannot read properties of undefined (reading 'get')

â¯â¯â¯â¯â¯â¯ Failed Tests 14 â¯â¯â¯â¯â¯â¯â¯

 FAIL  tests/unit/super-admin.middleware.test.ts > SUPER_ADMIN Middleware Tests > /super route protection > should allow SUPER_ADMIN access to /super
AssertionError: The instanceof assertion needs a constructor but Object was given.
 â¯ tests/unit/super-admin.middleware.test.ts:59:24
     57|       const response = await middleware(request)
     58|       
     59|       expect(response).toBeInstanceOf(NextResponse)
       |                        ^
     60|       expect(response.headers.get('location')).toBeNull()
     61|     })

â¯â¯â¯â¯â¯â¯â¯â¯â¯â¯â¯â¯â¯â¯â¯â¯â¯â¯â¯â¯â¯â¯â¯[1/14]â¯

 FAIL  tests/unit/super-admin.middleware.test.ts > SUPER_ADMIN Middleware Tests > /super route protection > should allow SUPER_ADMIN access to /super/churches
AssertionError: The instanceof assertion needs a constructor but Object was given.
 â¯ tests/unit/super-admin.middleware.test.ts:69:24
     67|       const response = await middleware(request)
     68|       
     69|       expect(response).toBeInstanceOf(NextResponse)
       |                        ^
     70|       expect(response.headers.get('location')).toBeNull()
     71|     })

â¯â¯â¯â¯â¯â¯â¯â¯â¯â¯â¯â¯â¯â¯â¯â¯â¯â¯â¯â¯â¯â¯â¯[2/14]â¯

 FAIL  tests/unit/super-admin.middleware.test.ts > SUPER_ADMIN Middleware Tests > /super route protection > should allow SUPER_ADMIN access to /super/local-churches
AssertionError: The instanceof assertion needs a constructor but Object was given.
 â¯ tests/unit/super-admin.middleware.test.ts:79:24
     77|       const response = await middleware(request)
     78|       
     79|       expect(response).toBeInstanceOf(NextResponse)
       |                        ^
     80|       expect(response.headers.get('location')).toBeNull()
     81|     })

â¯â¯â¯â¯â¯â¯â¯â¯â¯â¯â¯â¯â¯â¯â¯â¯â¯â¯â¯â¯â¯â¯â¯[3/14]â¯

 FAIL  tests/unit/super-admin.middleware.test.ts > SUPER_ADMIN Middleware Tests > /super route protection > should redirect ADMIN from /super to /dashboard
TypeError: Cannot read properties of undefined (reading 'get')
 â¯ tests/unit/super-admin.middleware.test.ts:89:31
     87|       const response = await middleware(request)
     88|       
     89|       expect(response.headers.get('location')).toBe('http://localhost:â€¦
       |                               ^
     90|       expect(response.status).toBe(307)
     91|     })

â¯â¯â¯â¯â¯â¯â¯â¯â¯â¯â¯â¯â¯â¯â¯â¯â¯â¯â¯â¯â¯â¯â¯[4/14]â¯

 FAIL  tests/unit/super-admin.middleware.test.ts > SUPER_ADMIN Middleware Tests > /super route protection > should redirect MEMBER from /super to /dashboard
TypeError: Cannot read properties of undefined (reading 'get')
 â¯ tests/unit/super-admin.middleware.test.ts:99:31
     97|       const response = await middleware(request)
     98|       
     99|       expect(response.headers.get('location')).toBe('http://localhost:â€¦
       |                               ^
    100|       expect(response.status).toBe(307)
    101|     })

â¯â¯â¯â¯â¯â¯â¯â¯â¯â¯â¯â¯â¯â¯â¯â¯â¯â¯â¯â¯â¯â¯â¯[5/14]â¯

 FAIL  tests/unit/super-admin.middleware.test.ts > SUPER_ADMIN Middleware Tests > /super route protection > should redirect unauthenticated users from /super
TypeError: Cannot read properties of undefined (reading 'get')
 â¯ tests/unit/super-admin.middleware.test.ts:109:31
    107|       const response = await middleware(request)
    108|       
    109|       expect(response.headers.get('location')).toBe('http://localhost:â€¦
       |                               ^
    110|       expect(response.status).toBe(307)
    111|     })

â¯â¯â¯â¯â¯â¯â¯â¯â¯â¯â¯â¯â¯â¯â¯â¯â¯â¯â¯â¯â¯â¯â¯[6/14]â¯

 FAIL  tests/unit/super-admin.middleware.test.ts > SUPER_ADMIN Middleware Tests > SUPER_ADMIN bypass for other routes > should allow SUPER_ADMIN to access /admin routes
AssertionError: The instanceof assertion needs a constructor but Object was given.
 â¯ tests/unit/super-admin.middleware.test.ts:121:24
    119|       const response = await middleware(request)
    120|       
    121|       expect(response).toBeInstanceOf(NextResponse)
       |                        ^
    122|       expect(response.headers.get('location')).toBeNull()
    123|     })

â¯â¯â¯â¯â¯â¯â¯â¯â¯â¯â¯â¯â¯â¯â¯â¯â¯â¯â¯â¯â¯â¯â¯[7/14]â¯

 FAIL  tests/unit/super-admin.middleware.test.ts > SUPER_ADMIN Middleware Tests > SUPER_ADMIN bypass for other routes > should allow SUPER_ADMIN to access /vip routes
AssertionError: The instanceof assertion needs a constructor but Object was given.
 â¯ tests/unit/super-admin.middleware.test.ts:131:24
    129|       const response = await middleware(request)
    130|       
    131|       expect(response).toBeInstanceOf(NextResponse)
       |                        ^
    132|       expect(response.headers.get('location')).toBeNull()
    133|     })

â¯â¯â¯â¯â¯â¯â¯â¯â¯â¯â¯â¯â¯â¯â¯â¯â¯â¯â¯â¯â¯â¯â¯[8/14]â¯

 FAIL  tests/unit/super-admin.middleware.test.ts > SUPER_ADMIN Middleware Tests > SUPER_ADMIN bypass for other routes > should allow SUPER_ADMIN to access /leader routes
AssertionError: The instanceof assertion needs a constructor but Object was given.
 â¯ tests/unit/super-admin.middleware.test.ts:141:24
    139|       const response = await middleware(request)
    140|       
    141|       expect(response).toBeInstanceOf(NextResponse)
       |                        ^
    142|       expect(response.headers.get('location')).toBeNull()
    143|     })

â¯â¯â¯â¯â¯â¯â¯â¯â¯â¯â¯â¯â¯â¯â¯â¯â¯â¯â¯â¯â¯â¯â¯[9/14]â¯

 FAIL  tests/unit/super-admin.middleware.test.ts > SUPER_ADMIN Middleware Tests > SUPER_ADMIN bypass for other routes > should allow SUPER_ADMIN to access regular user routes
AssertionError: The instanceof assertion needs a constructor but Object was given.
 â¯ tests/unit/super-admin.middleware.test.ts:151:24
    149|       const response = await middleware(request)
    150|       
    151|       expect(response).toBeInstanceOf(NextResponse)
       |                        ^
    152|       expect(response.headers.get('location')).toBeNull()
    153|     })

â¯â¯â¯â¯â¯â¯â¯â¯â¯â¯â¯â¯â¯â¯â¯â¯â¯â¯â¯â¯â¯â¯[10/14]â¯

 FAIL  tests/unit/super-admin.middleware.test.ts > SUPER_ADMIN Middleware Tests > Role isolation for non-SUPER_ADMIN > should prevent ADMIN from accessing /vip routes
TypeError: Cannot read properties of undefined (reading 'get')
 â¯ tests/unit/super-admin.middleware.test.ts:163:31
    161|       const response = await middleware(request)
    162|       
    163|       expect(response.headers.get('location')).toBe('http://localhost:â€¦
       |                               ^
    164|       expect(response.status).toBe(307)
    165|     })

â¯â¯â¯â¯â¯â¯â¯â¯â¯â¯â¯â¯â¯â¯â¯â¯â¯â¯â¯â¯â¯â¯[11/14]â¯

 FAIL  tests/unit/super-admin.middleware.test.ts > SUPER_ADMIN Middleware Tests > Role isolation for non-SUPER_ADMIN > should prevent MEMBER from accessing /admin routes
TypeError: Cannot read properties of undefined (reading 'get')
 â¯ tests/unit/super-admin.middleware.test.ts:173:31
    171|       const response = await middleware(request)
    172|       
    173|       expect(response.headers.get('location')).toBe('http://localhost:â€¦
       |                               ^
    174|       expect(response.status).toBe(307)
    175|     })

â¯â¯â¯â¯â¯â¯â¯â¯â¯â¯â¯â¯â¯â¯â¯â¯â¯â¯â¯â¯â¯â¯[12/14]â¯

 FAIL  tests/unit/super-admin.middleware.test.ts > SUPER_ADMIN Middleware Tests > Authentication redirects > should redirect unauthenticated users from /dashboard to signin
TypeError: Cannot read properties of undefined (reading 'get')
 â¯ tests/unit/super-admin.middleware.test.ts:185:31
    183|       const response = await middleware(request)
    184|       
    185|       expect(response.headers.get('location')).toBe('http://localhost:â€¦
       |                               ^
    186|       expect(response.status).toBe(307)
    187|     })

â¯â¯â¯â¯â¯â¯â¯â¯â¯â¯â¯â¯â¯â¯â¯â¯â¯â¯â¯â¯â¯â¯[13/14]â¯

 FAIL  tests/unit/super-admin.middleware.test.ts > SUPER_ADMIN Middleware Tests > Authentication redirects > should redirect authenticated users from auth pages
TypeError: Cannot read properties of undefined (reading 'get')
 â¯ tests/unit/super-admin.middleware.test.ts:195:31
    193|       const response = await middleware(request)
    194|       
    195|       expect(response.headers.get('location')).toBe('http://localhost:â€¦
       |                               ^
    196|       expect(response.status).toBe(307)
    197|     })

â¯â¯â¯â¯â¯â¯â¯â¯â¯â¯â¯â¯â¯â¯â¯â¯â¯â¯â¯â¯â¯â¯[14/14]â¯

 Test Files  1 failed (1)
      Tests  14 failed (14)
   Start at  18:01:21
   Duration  801ms (transform 49ms, setup 78ms, collect 17ms, tests 9ms, environment 291ms, prepare 55ms)

